d:\vs2013工程文件\mydriver1\mydriver1\x64\debug\vc140.pdb
d:\vs2013工程文件\mydriver1\mydriver1\x64\debug\init.obj
d:\vs2013工程文件\mydriver1\x64\debug\mydriver1\netlwf.cat
d:\vs2013工程文件\mydriver1\x64\debug\mydriver1\zlzramdisk.cat
d:\vs2013工程文件\mydriver1\x64\debug\zlzramdisk.sys
d:\vs2013工程文件\mydriver1\x64\debug\zlzramdisk.pdb
d:\vs2013工程文件\mydriver1\mydriver1\x64\debug\mydriver1.inf
d:\vs2013工程文件\mydriver1\mydriver1\x64\debug\as.inf
d:\vs2013工程文件\mydriver1\mydriver1\x64\debug\setup.inf
d:\vs2013工程文件\mydriver1\x64\debug\zlzramdisk.cer
d:\vs2013工程文件\mydriver1\mydriver1\x64\debug\mydriver1.tlog\cl.command.1.tlog
d:\vs2013工程文件\mydriver1\mydriver1\x64\debug\mydriver1.tlog\cl.read.1.tlog
d:\vs2013工程文件\mydriver1\mydriver1\x64\debug\mydriver1.tlog\cl.write.1.tlog
d:\vs2013工程文件\mydriver1\mydriver1\x64\debug\mydriver1.tlog\inf2cat-expand.10004.read.1.tlog
d:\vs2013工程文件\mydriver1\mydriver1\x64\debug\mydriver1.tlog\inf2cat-expand.10004.write.1.tlog
d:\vs2013工程文件\mydriver1\mydriver1\x64\debug\mydriver1.tlog\inf2cat-expand.10024.read.1.tlog
d:\vs2013工程文件\mydriver1\mydriver1\x64\debug\mydriver1.tlog\inf2cat-expand.10024.write.1.tlog
d:\vs2013工程文件\mydriver1\mydriver1\x64\debug\mydriver1.tlog\inf2cat-expand.10036.read.1.tlog
d:\vs2013工程文件\mydriver1\mydriver1\x64\debug\mydriver1.tlog\inf2cat-expand.10036.write.1.tlog
d:\vs2013工程文件\mydriver1\mydriver1\x64\debug\mydriver1.tlog\inf2cat-expand.10060.read.1.tlog
d:\vs2013工程文件\mydriver1\mydriver1\x64\debug\mydriver1.tlog\inf2cat-expand.10060.write.1.tlog
d:\vs2013工程文件\mydriver1\mydriver1\x64\debug\mydriver1.tlog\inf2cat-expand.10096.read.1.tlog
d:\vs2013工程文件\mydriver1\mydriver1\x64\debug\mydriver1.tlog\inf2cat-expand.10096.write.1.tlog
d:\vs2013工程文件\mydriver1\mydriver1\x64\debug\mydriver1.tlog\inf2cat-expand.10116.read.1.tlog
d:\vs2013工程文件\mydriver1\mydriver1\x64\debug\mydriver1.tlog\inf2cat-expand.10116.write.1.tlog
d:\vs2013工程文件\mydriver1\mydriver1\x64\debug\mydriver1.tlog\inf2cat-expand.10132.read.1.tlog
d:\vs2013工程文件\mydriver1\mydriver1\x64\debug\mydriver1.tlog\inf2cat-expand.10132.write.1.tlog
d:\vs2013工程文件\mydriver1\mydriver1\x64\debug\mydriver1.tlog\inf2cat-expand.10204.read.1.tlog
d:\vs2013工程文件\mydriver1\mydriver1\x64\debug\mydriver1.tlog\inf2cat-expand.10204.write.1.tlog
d:\vs2013工程文件\mydriver1\mydriver1\x64\debug\mydriver1.tlog\inf2cat-expand.10252.read.1.tlog
d:\vs2013工程文件\mydriver1\mydriver1\x64\debug\mydriver1.tlog\inf2cat-expand.10252.write.1.tlog
d:\vs2013工程文件\mydriver1\mydriver1\x64\debug\mydriver1.tlog\inf2cat-expand.10300.read.1.tlog
d:\vs2013工程文件\mydriver1\mydriver1\x64\debug\mydriver1.tlog\inf2cat-expand.10300.write.1.tlog
d:\vs2013工程文件\mydriver1\mydriver1\x64\debug\mydriver1.tlog\inf2cat-expand.10312.read.1.tlog
d:\vs2013工程文件\mydriver1\mydriver1\x64\debug\mydriver1.tlog\inf2cat-expand.10312.write.1.tlog
d:\vs2013工程文件\mydriver1\mydriver1\x64\debug\mydriver1.tlog\inf2cat-expand.10412.read.1.tlog
d:\vs2013工程文件\mydriver1\mydriver1\x64\debug\mydriver1.tlog\inf2cat-expand.10412.write.1.tlog
d:\vs2013工程文件\mydriver1\mydriver1\x64\debug\mydriver1.tlog\inf2cat-expand.10480.read.1.tlog
d:\vs2013工程文件\mydriver1\mydriver1\x64\debug\mydriver1.tlog\inf2cat-expand.10480.write.1.tlog
d:\vs2013工程文件\mydriver1\mydriver1\x64\debug\mydriver1.tlog\inf2cat-expand.10504.read.1.tlog
d:\vs2013工程文件\mydriver1\mydriver1\x64\debug\mydriver1.tlog\inf2cat-expand.10504.write.1.tlog
d:\vs2013工程文件\mydriver1\mydriver1\x64\debug\mydriver1.tlog\inf2cat-expand.10508.read.1.tlog
d:\vs2013工程文件\mydriver1\mydriver1\x64\debug\mydriver1.tlog\inf2cat-expand.10508.write.1.tlog
d:\vs2013工程文件\mydriver1\mydriver1\x64\debug\mydriver1.tlog\inf2cat-expand.10516.read.1.tlog
d:\vs2013工程文件\mydriver1\mydriver1\x64\debug\mydriver1.tlog\inf2cat-expand.10516.write.1.tlog
d:\vs2013工程文件\mydriver1\mydriver1\x64\debug\mydriver1.tlog\inf2cat-expand.10528.read.1.tlog
d:\vs2013工程文件\mydriver1\mydriver1\x64\debug\mydriver1.tlog\inf2cat-expand.10528.write.1.tlog
d:\vs2013工程文件\mydriver1\mydriver1\x64\debug\mydriver1.tlog\inf2cat-expand.10572.read.1.tlog
d:\vs2013工程文件\mydriver1\mydriver1\x64\debug\mydriver1.tlog\inf2cat-expand.10572.write.1.tlog
d:\vs2013工程文件\mydriver1\mydriver1\x64\debug\mydriver1.tlog\inf2cat-expand.10620.read.1.tlog
d:\vs2013工程文件\mydriver1\mydriver1\x64\debug\mydriver1.tlog\inf2cat-expand.10620.write.1.tlog
d:\vs2013工程文件\mydriver1\mydriver1\x64\debug\mydriver1.tlog\inf2cat-expand.10652.read.1.tlog
d:\vs2013工程文件\mydriver1\mydriver1\x64\debug\mydriver1.tlog\inf2cat-expand.10652.write.1.tlog
d:\vs2013工程文件\mydriver1\mydriver1\x64\debug\mydriver1.tlog\inf2cat-expand.10704.read.1.tlog
d:\vs2013工程文件\mydriver1\mydriver1\x64\debug\mydriver1.tlog\inf2cat-expand.10704.write.1.tlog
d:\vs2013工程文件\mydriver1\mydriver1\x64\debug\mydriver1.tlog\inf2cat-expand.10756.read.1.tlog
d:\vs2013工程文件\mydriver1\mydriver1\x64\debug\mydriver1.tlog\inf2cat-expand.10756.write.1.tlog
d:\vs2013工程文件\mydriver1\mydriver1\x64\debug\mydriver1.tlog\inf2cat-expand.10788.read.1.tlog
d:\vs2013工程文件\mydriver1\mydriver1\x64\debug\mydriver1.tlog\inf2cat-expand.10788.write.1.tlog
d:\vs2013工程文件\mydriver1\mydriver1\x64\debug\mydriver1.tlog\inf2cat-expand.10796.read.1.tlog
d:\vs2013工程文件\mydriver1\mydriver1\x64\debug\mydriver1.tlog\inf2cat-expand.10796.write.1.tlog
d:\vs2013工程文件\mydriver1\mydriver1\x64\debug\mydriver1.tlog\inf2cat-expand.10808.read.1.tlog
d:\vs2013工程文件\mydriver1\mydriver1\x64\debug\mydriver1.tlog\inf2cat-expand.10808.write.1.tlog
d:\vs2013工程文件\mydriver1\mydriver1\x64\debug\mydriver1.tlog\inf2cat-expand.10868.read.1.tlog
d:\vs2013工程文件\mydriver1\mydriver1\x64\debug\mydriver1.tlog\inf2cat-expand.10868.write.1.tlog
d:\vs2013工程文件\mydriver1\mydriver1\x64\debug\mydriver1.tlog\inf2cat-expand.10888.read.1.tlog
d:\vs2013工程文件\mydriver1\mydriver1\x64\debug\mydriver1.tlog\inf2cat-expand.10888.write.1.tlog
d:\vs2013工程文件\mydriver1\mydriver1\x64\debug\mydriver1.tlog\inf2cat-expand.10904.read.1.tlog
d:\vs2013工程文件\mydriver1\mydriver1\x64\debug\mydriver1.tlog\inf2cat-expand.10904.write.1.tlog
d:\vs2013工程文件\mydriver1\mydriver1\x64\debug\mydriver1.tlog\inf2cat-expand.11180.read.1.tlog
d:\vs2013工程文件\mydriver1\mydriver1\x64\debug\mydriver1.tlog\inf2cat-expand.11180.write.1.tlog
d:\vs2013工程文件\mydriver1\mydriver1\x64\debug\mydriver1.tlog\inf2cat-expand.11192.read.1.tlog
d:\vs2013工程文件\mydriver1\mydriver1\x64\debug\mydriver1.tlog\inf2cat-expand.11192.write.1.tlog
d:\vs2013工程文件\mydriver1\mydriver1\x64\debug\mydriver1.tlog\inf2cat-expand.11284.read.1.tlog
d:\vs2013工程文件\mydriver1\mydriver1\x64\debug\mydriver1.tlog\inf2cat-expand.11284.write.1.tlog
d:\vs2013工程文件\mydriver1\mydriver1\x64\debug\mydriver1.tlog\inf2cat-expand.11380.read.1.tlog
d:\vs2013工程文件\mydriver1\mydriver1\x64\debug\mydriver1.tlog\inf2cat-expand.11380.write.1.tlog
d:\vs2013工程文件\mydriver1\mydriver1\x64\debug\mydriver1.tlog\inf2cat-expand.11464.read.1.tlog
d:\vs2013工程文件\mydriver1\mydriver1\x64\debug\mydriver1.tlog\inf2cat-expand.11464.write.1.tlog
d:\vs2013工程文件\mydriver1\mydriver1\x64\debug\mydriver1.tlog\inf2cat-expand.11488.read.1.tlog
d:\vs2013工程文件\mydriver1\mydriver1\x64\debug\mydriver1.tlog\inf2cat-expand.11488.write.1.tlog
d:\vs2013工程文件\mydriver1\mydriver1\x64\debug\mydriver1.tlog\inf2cat-expand.11576.read.1.tlog
d:\vs2013工程文件\mydriver1\mydriver1\x64\debug\mydriver1.tlog\inf2cat-expand.11576.write.1.tlog
d:\vs2013工程文件\mydriver1\mydriver1\x64\debug\mydriver1.tlog\inf2cat-expand.11636.read.1.tlog
d:\vs2013工程文件\mydriver1\mydriver1\x64\debug\mydriver1.tlog\inf2cat-expand.11636.write.1.tlog
d:\vs2013工程文件\mydriver1\mydriver1\x64\debug\mydriver1.tlog\inf2cat-expand.11652.read.1.tlog
d:\vs2013工程文件\mydriver1\mydriver1\x64\debug\mydriver1.tlog\inf2cat-expand.11652.write.1.tlog
d:\vs2013工程文件\mydriver1\mydriver1\x64\debug\mydriver1.tlog\inf2cat-expand.11656.read.1.tlog
d:\vs2013工程文件\mydriver1\mydriver1\x64\debug\mydriver1.tlog\inf2cat-expand.11656.write.1.tlog
d:\vs2013工程文件\mydriver1\mydriver1\x64\debug\mydriver1.tlog\inf2cat-expand.11664.read.1.tlog
d:\vs2013工程文件\mydriver1\mydriver1\x64\debug\mydriver1.tlog\inf2cat-expand.11664.write.1.tlog
d:\vs2013工程文件\mydriver1\mydriver1\x64\debug\mydriver1.tlog\inf2cat-expand.11704.read.1.tlog
d:\vs2013工程文件\mydriver1\mydriver1\x64\debug\mydriver1.tlog\inf2cat-expand.11704.write.1.tlog
d:\vs2013工程文件\mydriver1\mydriver1\x64\debug\mydriver1.tlog\inf2cat-expand.11720.read.1.tlog
d:\vs2013工程文件\mydriver1\mydriver1\x64\debug\mydriver1.tlog\inf2cat-expand.11720.write.1.tlog
d:\vs2013工程文件\mydriver1\mydriver1\x64\debug\mydriver1.tlog\inf2cat-expand.11868.read.1.tlog
d:\vs2013工程文件\mydriver1\mydriver1\x64\debug\mydriver1.tlog\inf2cat-expand.11868.write.1.tlog
d:\vs2013工程文件\mydriver1\mydriver1\x64\debug\mydriver1.tlog\inf2cat-expand.11880.read.1.tlog
d:\vs2013工程文件\mydriver1\mydriver1\x64\debug\mydriver1.tlog\inf2cat-expand.11880.write.1.tlog
d:\vs2013工程文件\mydriver1\mydriver1\x64\debug\mydriver1.tlog\inf2cat-expand.11888.read.1.tlog
d:\vs2013工程文件\mydriver1\mydriver1\x64\debug\mydriver1.tlog\inf2cat-expand.11888.write.1.tlog
d:\vs2013工程文件\mydriver1\mydriver1\x64\debug\mydriver1.tlog\inf2cat-expand.11896.read.1.tlog
d:\vs2013工程文件\mydriver1\mydriver1\x64\debug\mydriver1.tlog\inf2cat-expand.11896.write.1.tlog
d:\vs2013工程文件\mydriver1\mydriver1\x64\debug\mydriver1.tlog\inf2cat-expand.11912.read.1.tlog
d:\vs2013工程文件\mydriver1\mydriver1\x64\debug\mydriver1.tlog\inf2cat-expand.11912.write.1.tlog
d:\vs2013工程文件\mydriver1\mydriver1\x64\debug\mydriver1.tlog\inf2cat-expand.11952.read.1.tlog
d:\vs2013工程文件\mydriver1\mydriver1\x64\debug\mydriver1.tlog\inf2cat-expand.11952.write.1.tlog
d:\vs2013工程文件\mydriver1\mydriver1\x64\debug\mydriver1.tlog\inf2cat-expand.11972.read.1.tlog
d:\vs2013工程文件\mydriver1\mydriver1\x64\debug\mydriver1.tlog\inf2cat-expand.11972.write.1.tlog
d:\vs2013工程文件\mydriver1\mydriver1\x64\debug\mydriver1.tlog\inf2cat-expand.11992.read.1.tlog
d:\vs2013工程文件\mydriver1\mydriver1\x64\debug\mydriver1.tlog\inf2cat-expand.11992.write.1.tlog
d:\vs2013工程文件\mydriver1\mydriver1\x64\debug\mydriver1.tlog\inf2cat-expand.12100.read.1.tlog
d:\vs2013工程文件\mydriver1\mydriver1\x64\debug\mydriver1.tlog\inf2cat-expand.12100.write.1.tlog
d:\vs2013工程文件\mydriver1\mydriver1\x64\debug\mydriver1.tlog\inf2cat-expand.12128.read.1.tlog
d:\vs2013工程文件\mydriver1\mydriver1\x64\debug\mydriver1.tlog\inf2cat-expand.12128.write.1.tlog
d:\vs2013工程文件\mydriver1\mydriver1\x64\debug\mydriver1.tlog\inf2cat-expand.12172.read.1.tlog
d:\vs2013工程文件\mydriver1\mydriver1\x64\debug\mydriver1.tlog\inf2cat-expand.12172.write.1.tlog
d:\vs2013工程文件\mydriver1\mydriver1\x64\debug\mydriver1.tlog\inf2cat-expand.12188.read.1.tlog
d:\vs2013工程文件\mydriver1\mydriver1\x64\debug\mydriver1.tlog\inf2cat-expand.12188.write.1.tlog
d:\vs2013工程文件\mydriver1\mydriver1\x64\debug\mydriver1.tlog\inf2cat-expand.12196.read.1.tlog
d:\vs2013工程文件\mydriver1\mydriver1\x64\debug\mydriver1.tlog\inf2cat-expand.12196.write.1.tlog
d:\vs2013工程文件\mydriver1\mydriver1\x64\debug\mydriver1.tlog\inf2cat-expand.12220.read.1.tlog
d:\vs2013工程文件\mydriver1\mydriver1\x64\debug\mydriver1.tlog\inf2cat-expand.12220.write.1.tlog
d:\vs2013工程文件\mydriver1\mydriver1\x64\debug\mydriver1.tlog\inf2cat-expand.12468.read.1.tlog
d:\vs2013工程文件\mydriver1\mydriver1\x64\debug\mydriver1.tlog\inf2cat-expand.12468.write.1.tlog
d:\vs2013工程文件\mydriver1\mydriver1\x64\debug\mydriver1.tlog\inf2cat-expand.12604.read.1.tlog
d:\vs2013工程文件\mydriver1\mydriver1\x64\debug\mydriver1.tlog\inf2cat-expand.12604.write.1.tlog
d:\vs2013工程文件\mydriver1\mydriver1\x64\debug\mydriver1.tlog\inf2cat-expand.12692.read.1.tlog
d:\vs2013工程文件\mydriver1\mydriver1\x64\debug\mydriver1.tlog\inf2cat-expand.12692.write.1.tlog
d:\vs2013工程文件\mydriver1\mydriver1\x64\debug\mydriver1.tlog\inf2cat-expand.1272.read.1.tlog
d:\vs2013工程文件\mydriver1\mydriver1\x64\debug\mydriver1.tlog\inf2cat-expand.1272.write.1.tlog
d:\vs2013工程文件\mydriver1\mydriver1\x64\debug\mydriver1.tlog\inf2cat-expand.12812.read.1.tlog
d:\vs2013工程文件\mydriver1\mydriver1\x64\debug\mydriver1.tlog\inf2cat-expand.12812.write.1.tlog
d:\vs2013工程文件\mydriver1\mydriver1\x64\debug\mydriver1.tlog\inf2cat-expand.12824.read.1.tlog
d:\vs2013工程文件\mydriver1\mydriver1\x64\debug\mydriver1.tlog\inf2cat-expand.12824.write.1.tlog
d:\vs2013工程文件\mydriver1\mydriver1\x64\debug\mydriver1.tlog\inf2cat-expand.12896.read.1.tlog
d:\vs2013工程文件\mydriver1\mydriver1\x64\debug\mydriver1.tlog\inf2cat-expand.12896.write.1.tlog
d:\vs2013工程文件\mydriver1\mydriver1\x64\debug\mydriver1.tlog\inf2cat-expand.12920.read.1.tlog
d:\vs2013工程文件\mydriver1\mydriver1\x64\debug\mydriver1.tlog\inf2cat-expand.12920.write.1.tlog
d:\vs2013工程文件\mydriver1\mydriver1\x64\debug\mydriver1.tlog\inf2cat-expand.12952.read.1.tlog
d:\vs2013工程文件\mydriver1\mydriver1\x64\debug\mydriver1.tlog\inf2cat-expand.12952.write.1.tlog
d:\vs2013工程文件\mydriver1\mydriver1\x64\debug\mydriver1.tlog\inf2cat-expand.12984.read.1.tlog
d:\vs2013工程文件\mydriver1\mydriver1\x64\debug\mydriver1.tlog\inf2cat-expand.12984.write.1.tlog
d:\vs2013工程文件\mydriver1\mydriver1\x64\debug\mydriver1.tlog\inf2cat-expand.13012.read.1.tlog
d:\vs2013工程文件\mydriver1\mydriver1\x64\debug\mydriver1.tlog\inf2cat-expand.13012.write.1.tlog
d:\vs2013工程文件\mydriver1\mydriver1\x64\debug\mydriver1.tlog\inf2cat-expand.13196.read.1.tlog
d:\vs2013工程文件\mydriver1\mydriver1\x64\debug\mydriver1.tlog\inf2cat-expand.13196.write.1.tlog
d:\vs2013工程文件\mydriver1\mydriver1\x64\debug\mydriver1.tlog\inf2cat-expand.13292.read.1.tlog
d:\vs2013工程文件\mydriver1\mydriver1\x64\debug\mydriver1.tlog\inf2cat-expand.13292.write.1.tlog
d:\vs2013工程文件\mydriver1\mydriver1\x64\debug\mydriver1.tlog\inf2cat-expand.13372.read.1.tlog
d:\vs2013工程文件\mydriver1\mydriver1\x64\debug\mydriver1.tlog\inf2cat-expand.13372.write.1.tlog
d:\vs2013工程文件\mydriver1\mydriver1\x64\debug\mydriver1.tlog\inf2cat-expand.13572.read.1.tlog
d:\vs2013工程文件\mydriver1\mydriver1\x64\debug\mydriver1.tlog\inf2cat-expand.13572.write.1.tlog
d:\vs2013工程文件\mydriver1\mydriver1\x64\debug\mydriver1.tlog\inf2cat-expand.13908.read.1.tlog
d:\vs2013工程文件\mydriver1\mydriver1\x64\debug\mydriver1.tlog\inf2cat-expand.13908.write.1.tlog
d:\vs2013工程文件\mydriver1\mydriver1\x64\debug\mydriver1.tlog\inf2cat-expand.144.read.1.tlog
d:\vs2013工程文件\mydriver1\mydriver1\x64\debug\mydriver1.tlog\inf2cat-expand.144.write.1.tlog
d:\vs2013工程文件\mydriver1\mydriver1\x64\debug\mydriver1.tlog\inf2cat-expand.14720.read.1.tlog
d:\vs2013工程文件\mydriver1\mydriver1\x64\debug\mydriver1.tlog\inf2cat-expand.14720.write.1.tlog
d:\vs2013工程文件\mydriver1\mydriver1\x64\debug\mydriver1.tlog\inf2cat-expand.14976.read.1.tlog
d:\vs2013工程文件\mydriver1\mydriver1\x64\debug\mydriver1.tlog\inf2cat-expand.14976.write.1.tlog
d:\vs2013工程文件\mydriver1\mydriver1\x64\debug\mydriver1.tlog\inf2cat-expand.17000.read.1.tlog
d:\vs2013工程文件\mydriver1\mydriver1\x64\debug\mydriver1.tlog\inf2cat-expand.17000.write.1.tlog
d:\vs2013工程文件\mydriver1\mydriver1\x64\debug\mydriver1.tlog\inf2cat-expand.1712.read.1.tlog
d:\vs2013工程文件\mydriver1\mydriver1\x64\debug\mydriver1.tlog\inf2cat-expand.1712.write.1.tlog
d:\vs2013工程文件\mydriver1\mydriver1\x64\debug\mydriver1.tlog\inf2cat-expand.17876.read.1.tlog
d:\vs2013工程文件\mydriver1\mydriver1\x64\debug\mydriver1.tlog\inf2cat-expand.17876.write.1.tlog
d:\vs2013工程文件\mydriver1\mydriver1\x64\debug\mydriver1.tlog\inf2cat-expand.1888.read.1.tlog
d:\vs2013工程文件\mydriver1\mydriver1\x64\debug\mydriver1.tlog\inf2cat-expand.1888.write.1.tlog
d:\vs2013工程文件\mydriver1\mydriver1\x64\debug\mydriver1.tlog\inf2cat-expand.2008.read.1.tlog
d:\vs2013工程文件\mydriver1\mydriver1\x64\debug\mydriver1.tlog\inf2cat-expand.2008.write.1.tlog
d:\vs2013工程文件\mydriver1\mydriver1\x64\debug\mydriver1.tlog\inf2cat-expand.208.read.1.tlog
d:\vs2013工程文件\mydriver1\mydriver1\x64\debug\mydriver1.tlog\inf2cat-expand.208.write.1.tlog
d:\vs2013工程文件\mydriver1\mydriver1\x64\debug\mydriver1.tlog\inf2cat-expand.2104.read.1.tlog
d:\vs2013工程文件\mydriver1\mydriver1\x64\debug\mydriver1.tlog\inf2cat-expand.2104.write.1.tlog
d:\vs2013工程文件\mydriver1\mydriver1\x64\debug\mydriver1.tlog\inf2cat-expand.2172.read.1.tlog
d:\vs2013工程文件\mydriver1\mydriver1\x64\debug\mydriver1.tlog\inf2cat-expand.2172.write.1.tlog
d:\vs2013工程文件\mydriver1\mydriver1\x64\debug\mydriver1.tlog\inf2cat-expand.2344.read.1.tlog
d:\vs2013工程文件\mydriver1\mydriver1\x64\debug\mydriver1.tlog\inf2cat-expand.2344.write.1.tlog
d:\vs2013工程文件\mydriver1\mydriver1\x64\debug\mydriver1.tlog\inf2cat-expand.2428.read.1.tlog
d:\vs2013工程文件\mydriver1\mydriver1\x64\debug\mydriver1.tlog\inf2cat-expand.2428.write.1.tlog
d:\vs2013工程文件\mydriver1\mydriver1\x64\debug\mydriver1.tlog\inf2cat-expand.2488.read.1.tlog
d:\vs2013工程文件\mydriver1\mydriver1\x64\debug\mydriver1.tlog\inf2cat-expand.2488.write.1.tlog
d:\vs2013工程文件\mydriver1\mydriver1\x64\debug\mydriver1.tlog\inf2cat-expand.2496.read.1.tlog
d:\vs2013工程文件\mydriver1\mydriver1\x64\debug\mydriver1.tlog\inf2cat-expand.2496.write.1.tlog
d:\vs2013工程文件\mydriver1\mydriver1\x64\debug\mydriver1.tlog\inf2cat-expand.2584.read.1.tlog
d:\vs2013工程文件\mydriver1\mydriver1\x64\debug\mydriver1.tlog\inf2cat-expand.2584.write.1.tlog
d:\vs2013工程文件\mydriver1\mydriver1\x64\debug\mydriver1.tlog\inf2cat-expand.2868.read.1.tlog
d:\vs2013工程文件\mydriver1\mydriver1\x64\debug\mydriver1.tlog\inf2cat-expand.2868.write.1.tlog
d:\vs2013工程文件\mydriver1\mydriver1\x64\debug\mydriver1.tlog\inf2cat-expand.2964.read.1.tlog
d:\vs2013工程文件\mydriver1\mydriver1\x64\debug\mydriver1.tlog\inf2cat-expand.2964.write.1.tlog
d:\vs2013工程文件\mydriver1\mydriver1\x64\debug\mydriver1.tlog\inf2cat-expand.3016.read.1.tlog
d:\vs2013工程文件\mydriver1\mydriver1\x64\debug\mydriver1.tlog\inf2cat-expand.3016.write.1.tlog
d:\vs2013工程文件\mydriver1\mydriver1\x64\debug\mydriver1.tlog\inf2cat-expand.3264.read.1.tlog
d:\vs2013工程文件\mydriver1\mydriver1\x64\debug\mydriver1.tlog\inf2cat-expand.3264.write.1.tlog
d:\vs2013工程文件\mydriver1\mydriver1\x64\debug\mydriver1.tlog\inf2cat-expand.3276.read.1.tlog
d:\vs2013工程文件\mydriver1\mydriver1\x64\debug\mydriver1.tlog\inf2cat-expand.3276.write.1.tlog
d:\vs2013工程文件\mydriver1\mydriver1\x64\debug\mydriver1.tlog\inf2cat-expand.3312.read.1.tlog
d:\vs2013工程文件\mydriver1\mydriver1\x64\debug\mydriver1.tlog\inf2cat-expand.3312.write.1.tlog
d:\vs2013工程文件\mydriver1\mydriver1\x64\debug\mydriver1.tlog\inf2cat-expand.3564.read.1.tlog
d:\vs2013工程文件\mydriver1\mydriver1\x64\debug\mydriver1.tlog\inf2cat-expand.3564.write.1.tlog
d:\vs2013工程文件\mydriver1\mydriver1\x64\debug\mydriver1.tlog\inf2cat-expand.3764.read.1.tlog
d:\vs2013工程文件\mydriver1\mydriver1\x64\debug\mydriver1.tlog\inf2cat-expand.3764.write.1.tlog
d:\vs2013工程文件\mydriver1\mydriver1\x64\debug\mydriver1.tlog\inf2cat-expand.4336.read.1.tlog
d:\vs2013工程文件\mydriver1\mydriver1\x64\debug\mydriver1.tlog\inf2cat-expand.4336.write.1.tlog
d:\vs2013工程文件\mydriver1\mydriver1\x64\debug\mydriver1.tlog\inf2cat-expand.4340.read.1.tlog
d:\vs2013工程文件\mydriver1\mydriver1\x64\debug\mydriver1.tlog\inf2cat-expand.4340.write.1.tlog
d:\vs2013工程文件\mydriver1\mydriver1\x64\debug\mydriver1.tlog\inf2cat-expand.4544.read.1.tlog
d:\vs2013工程文件\mydriver1\mydriver1\x64\debug\mydriver1.tlog\inf2cat-expand.4544.write.1.tlog
d:\vs2013工程文件\mydriver1\mydriver1\x64\debug\mydriver1.tlog\inf2cat-expand.5020.read.1.tlog
d:\vs2013工程文件\mydriver1\mydriver1\x64\debug\mydriver1.tlog\inf2cat-expand.5020.write.1.tlog
d:\vs2013工程文件\mydriver1\mydriver1\x64\debug\mydriver1.tlog\inf2cat-expand.5088.read.1.tlog
d:\vs2013工程文件\mydriver1\mydriver1\x64\debug\mydriver1.tlog\inf2cat-expand.5088.write.1.tlog
d:\vs2013工程文件\mydriver1\mydriver1\x64\debug\mydriver1.tlog\inf2cat-expand.5108.read.1.tlog
d:\vs2013工程文件\mydriver1\mydriver1\x64\debug\mydriver1.tlog\inf2cat-expand.5108.write.1.tlog
d:\vs2013工程文件\mydriver1\mydriver1\x64\debug\mydriver1.tlog\inf2cat-expand.5156.read.1.tlog
d:\vs2013工程文件\mydriver1\mydriver1\x64\debug\mydriver1.tlog\inf2cat-expand.5156.write.1.tlog
d:\vs2013工程文件\mydriver1\mydriver1\x64\debug\mydriver1.tlog\inf2cat-expand.5220.read.1.tlog
d:\vs2013工程文件\mydriver1\mydriver1\x64\debug\mydriver1.tlog\inf2cat-expand.5220.write.1.tlog
d:\vs2013工程文件\mydriver1\mydriver1\x64\debug\mydriver1.tlog\inf2cat-expand.5396.read.1.tlog
d:\vs2013工程文件\mydriver1\mydriver1\x64\debug\mydriver1.tlog\inf2cat-expand.5396.write.1.tlog
d:\vs2013工程文件\mydriver1\mydriver1\x64\debug\mydriver1.tlog\inf2cat-expand.5440.read.1.tlog
d:\vs2013工程文件\mydriver1\mydriver1\x64\debug\mydriver1.tlog\inf2cat-expand.5440.write.1.tlog
d:\vs2013工程文件\mydriver1\mydriver1\x64\debug\mydriver1.tlog\inf2cat-expand.5460.read.1.tlog
d:\vs2013工程文件\mydriver1\mydriver1\x64\debug\mydriver1.tlog\inf2cat-expand.5460.write.1.tlog
d:\vs2013工程文件\mydriver1\mydriver1\x64\debug\mydriver1.tlog\inf2cat-expand.5512.read.1.tlog
d:\vs2013工程文件\mydriver1\mydriver1\x64\debug\mydriver1.tlog\inf2cat-expand.5512.write.1.tlog
d:\vs2013工程文件\mydriver1\mydriver1\x64\debug\mydriver1.tlog\inf2cat-expand.5520.read.1.tlog
d:\vs2013工程文件\mydriver1\mydriver1\x64\debug\mydriver1.tlog\inf2cat-expand.5520.write.1.tlog
d:\vs2013工程文件\mydriver1\mydriver1\x64\debug\mydriver1.tlog\inf2cat-expand.5604.read.1.tlog
d:\vs2013工程文件\mydriver1\mydriver1\x64\debug\mydriver1.tlog\inf2cat-expand.5604.write.1.tlog
d:\vs2013工程文件\mydriver1\mydriver1\x64\debug\mydriver1.tlog\inf2cat-expand.5668.read.1.tlog
d:\vs2013工程文件\mydriver1\mydriver1\x64\debug\mydriver1.tlog\inf2cat-expand.5668.write.1.tlog
d:\vs2013工程文件\mydriver1\mydriver1\x64\debug\mydriver1.tlog\inf2cat-expand.5848.read.1.tlog
d:\vs2013工程文件\mydriver1\mydriver1\x64\debug\mydriver1.tlog\inf2cat-expand.5848.write.1.tlog
d:\vs2013工程文件\mydriver1\mydriver1\x64\debug\mydriver1.tlog\inf2cat-expand.5900.read.1.tlog
d:\vs2013工程文件\mydriver1\mydriver1\x64\debug\mydriver1.tlog\inf2cat-expand.5900.write.1.tlog
d:\vs2013工程文件\mydriver1\mydriver1\x64\debug\mydriver1.tlog\inf2cat-expand.5912.read.1.tlog
d:\vs2013工程文件\mydriver1\mydriver1\x64\debug\mydriver1.tlog\inf2cat-expand.5912.write.1.tlog
d:\vs2013工程文件\mydriver1\mydriver1\x64\debug\mydriver1.tlog\inf2cat-expand.628.read.1.tlog
d:\vs2013工程文件\mydriver1\mydriver1\x64\debug\mydriver1.tlog\inf2cat-expand.628.write.1.tlog
d:\vs2013工程文件\mydriver1\mydriver1\x64\debug\mydriver1.tlog\inf2cat-expand.6296.read.1.tlog
d:\vs2013工程文件\mydriver1\mydriver1\x64\debug\mydriver1.tlog\inf2cat-expand.6296.write.1.tlog
d:\vs2013工程文件\mydriver1\mydriver1\x64\debug\mydriver1.tlog\inf2cat-expand.6344.read.1.tlog
d:\vs2013工程文件\mydriver1\mydriver1\x64\debug\mydriver1.tlog\inf2cat-expand.6344.write.1.tlog
d:\vs2013工程文件\mydriver1\mydriver1\x64\debug\mydriver1.tlog\inf2cat-expand.6452.read.1.tlog
d:\vs2013工程文件\mydriver1\mydriver1\x64\debug\mydriver1.tlog\inf2cat-expand.6452.write.1.tlog
d:\vs2013工程文件\mydriver1\mydriver1\x64\debug\mydriver1.tlog\inf2cat-expand.6668.read.1.tlog
d:\vs2013工程文件\mydriver1\mydriver1\x64\debug\mydriver1.tlog\inf2cat-expand.6668.write.1.tlog
d:\vs2013工程文件\mydriver1\mydriver1\x64\debug\mydriver1.tlog\inf2cat-expand.6692.read.1.tlog
d:\vs2013工程文件\mydriver1\mydriver1\x64\debug\mydriver1.tlog\inf2cat-expand.6692.write.1.tlog
d:\vs2013工程文件\mydriver1\mydriver1\x64\debug\mydriver1.tlog\inf2cat-expand.6852.read.1.tlog
d:\vs2013工程文件\mydriver1\mydriver1\x64\debug\mydriver1.tlog\inf2cat-expand.6852.write.1.tlog
d:\vs2013工程文件\mydriver1\mydriver1\x64\debug\mydriver1.tlog\inf2cat-expand.6884.read.1.tlog
d:\vs2013工程文件\mydriver1\mydriver1\x64\debug\mydriver1.tlog\inf2cat-expand.6884.write.1.tlog
d:\vs2013工程文件\mydriver1\mydriver1\x64\debug\mydriver1.tlog\inf2cat-expand.6960.read.1.tlog
d:\vs2013工程文件\mydriver1\mydriver1\x64\debug\mydriver1.tlog\inf2cat-expand.6960.write.1.tlog
d:\vs2013工程文件\mydriver1\mydriver1\x64\debug\mydriver1.tlog\inf2cat-expand.6984.read.1.tlog
d:\vs2013工程文件\mydriver1\mydriver1\x64\debug\mydriver1.tlog\inf2cat-expand.6984.write.1.tlog
d:\vs2013工程文件\mydriver1\mydriver1\x64\debug\mydriver1.tlog\inf2cat-expand.7352.read.1.tlog
d:\vs2013工程文件\mydriver1\mydriver1\x64\debug\mydriver1.tlog\inf2cat-expand.7352.write.1.tlog
d:\vs2013工程文件\mydriver1\mydriver1\x64\debug\mydriver1.tlog\inf2cat-expand.744.read.1.tlog
d:\vs2013工程文件\mydriver1\mydriver1\x64\debug\mydriver1.tlog\inf2cat-expand.744.write.1.tlog
d:\vs2013工程文件\mydriver1\mydriver1\x64\debug\mydriver1.tlog\inf2cat-expand.7500.read.1.tlog
d:\vs2013工程文件\mydriver1\mydriver1\x64\debug\mydriver1.tlog\inf2cat-expand.7500.write.1.tlog
d:\vs2013工程文件\mydriver1\mydriver1\x64\debug\mydriver1.tlog\inf2cat-expand.7508.read.1.tlog
d:\vs2013工程文件\mydriver1\mydriver1\x64\debug\mydriver1.tlog\inf2cat-expand.7508.write.1.tlog
d:\vs2013工程文件\mydriver1\mydriver1\x64\debug\mydriver1.tlog\inf2cat-expand.756.read.1.tlog
d:\vs2013工程文件\mydriver1\mydriver1\x64\debug\mydriver1.tlog\inf2cat-expand.756.write.1.tlog
d:\vs2013工程文件\mydriver1\mydriver1\x64\debug\mydriver1.tlog\inf2cat-expand.7564.read.1.tlog
d:\vs2013工程文件\mydriver1\mydriver1\x64\debug\mydriver1.tlog\inf2cat-expand.7564.write.1.tlog
d:\vs2013工程文件\mydriver1\mydriver1\x64\debug\mydriver1.tlog\inf2cat-expand.7580.read.1.tlog
d:\vs2013工程文件\mydriver1\mydriver1\x64\debug\mydriver1.tlog\inf2cat-expand.7580.write.1.tlog
d:\vs2013工程文件\mydriver1\mydriver1\x64\debug\mydriver1.tlog\inf2cat-expand.7620.read.1.tlog
d:\vs2013工程文件\mydriver1\mydriver1\x64\debug\mydriver1.tlog\inf2cat-expand.7620.write.1.tlog
d:\vs2013工程文件\mydriver1\mydriver1\x64\debug\mydriver1.tlog\inf2cat-expand.7660.read.1.tlog
d:\vs2013工程文件\mydriver1\mydriver1\x64\debug\mydriver1.tlog\inf2cat-expand.7660.write.1.tlog
d:\vs2013工程文件\mydriver1\mydriver1\x64\debug\mydriver1.tlog\inf2cat-expand.7688.read.1.tlog
d:\vs2013工程文件\mydriver1\mydriver1\x64\debug\mydriver1.tlog\inf2cat-expand.7688.write.1.tlog
d:\vs2013工程文件\mydriver1\mydriver1\x64\debug\mydriver1.tlog\inf2cat-expand.7796.read.1.tlog
d:\vs2013工程文件\mydriver1\mydriver1\x64\debug\mydriver1.tlog\inf2cat-expand.7796.write.1.tlog
d:\vs2013工程文件\mydriver1\mydriver1\x64\debug\mydriver1.tlog\inf2cat-expand.7896.read.1.tlog
d:\vs2013工程文件\mydriver1\mydriver1\x64\debug\mydriver1.tlog\inf2cat-expand.7896.write.1.tlog
d:\vs2013工程文件\mydriver1\mydriver1\x64\debug\mydriver1.tlog\inf2cat-expand.8044.read.1.tlog
d:\vs2013工程文件\mydriver1\mydriver1\x64\debug\mydriver1.tlog\inf2cat-expand.8044.write.1.tlog
d:\vs2013工程文件\mydriver1\mydriver1\x64\debug\mydriver1.tlog\inf2cat-expand.8168.read.1.tlog
d:\vs2013工程文件\mydriver1\mydriver1\x64\debug\mydriver1.tlog\inf2cat-expand.8168.write.1.tlog
d:\vs2013工程文件\mydriver1\mydriver1\x64\debug\mydriver1.tlog\inf2cat-expand.8216.read.1.tlog
d:\vs2013工程文件\mydriver1\mydriver1\x64\debug\mydriver1.tlog\inf2cat-expand.8216.write.1.tlog
d:\vs2013工程文件\mydriver1\mydriver1\x64\debug\mydriver1.tlog\inf2cat-expand.8288.read.1.tlog
d:\vs2013工程文件\mydriver1\mydriver1\x64\debug\mydriver1.tlog\inf2cat-expand.8288.write.1.tlog
d:\vs2013工程文件\mydriver1\mydriver1\x64\debug\mydriver1.tlog\inf2cat-expand.8344.read.1.tlog
d:\vs2013工程文件\mydriver1\mydriver1\x64\debug\mydriver1.tlog\inf2cat-expand.8344.write.1.tlog
d:\vs2013工程文件\mydriver1\mydriver1\x64\debug\mydriver1.tlog\inf2cat-expand.8372.read.1.tlog
d:\vs2013工程文件\mydriver1\mydriver1\x64\debug\mydriver1.tlog\inf2cat-expand.8372.write.1.tlog
d:\vs2013工程文件\mydriver1\mydriver1\x64\debug\mydriver1.tlog\inf2cat-expand.844.read.1.tlog
d:\vs2013工程文件\mydriver1\mydriver1\x64\debug\mydriver1.tlog\inf2cat-expand.844.write.1.tlog
d:\vs2013工程文件\mydriver1\mydriver1\x64\debug\mydriver1.tlog\inf2cat-expand.8572.read.1.tlog
d:\vs2013工程文件\mydriver1\mydriver1\x64\debug\mydriver1.tlog\inf2cat-expand.8572.write.1.tlog
d:\vs2013工程文件\mydriver1\mydriver1\x64\debug\mydriver1.tlog\inf2cat-expand.8644.read.1.tlog
d:\vs2013工程文件\mydriver1\mydriver1\x64\debug\mydriver1.tlog\inf2cat-expand.8644.write.1.tlog
d:\vs2013工程文件\mydriver1\mydriver1\x64\debug\mydriver1.tlog\inf2cat-expand.8660.read.1.tlog
d:\vs2013工程文件\mydriver1\mydriver1\x64\debug\mydriver1.tlog\inf2cat-expand.8660.write.1.tlog
d:\vs2013工程文件\mydriver1\mydriver1\x64\debug\mydriver1.tlog\inf2cat-expand.8748.read.1.tlog
d:\vs2013工程文件\mydriver1\mydriver1\x64\debug\mydriver1.tlog\inf2cat-expand.8748.write.1.tlog
d:\vs2013工程文件\mydriver1\mydriver1\x64\debug\mydriver1.tlog\inf2cat-expand.8756.read.1.tlog
d:\vs2013工程文件\mydriver1\mydriver1\x64\debug\mydriver1.tlog\inf2cat-expand.8756.write.1.tlog
d:\vs2013工程文件\mydriver1\mydriver1\x64\debug\mydriver1.tlog\inf2cat-expand.8772.read.1.tlog
d:\vs2013工程文件\mydriver1\mydriver1\x64\debug\mydriver1.tlog\inf2cat-expand.8772.write.1.tlog
d:\vs2013工程文件\mydriver1\mydriver1\x64\debug\mydriver1.tlog\inf2cat-expand.8776.read.1.tlog
d:\vs2013工程文件\mydriver1\mydriver1\x64\debug\mydriver1.tlog\inf2cat-expand.8776.write.1.tlog
d:\vs2013工程文件\mydriver1\mydriver1\x64\debug\mydriver1.tlog\inf2cat-expand.8780.read.1.tlog
d:\vs2013工程文件\mydriver1\mydriver1\x64\debug\mydriver1.tlog\inf2cat-expand.8780.write.1.tlog
d:\vs2013工程文件\mydriver1\mydriver1\x64\debug\mydriver1.tlog\inf2cat-expand.8784.read.1.tlog
d:\vs2013工程文件\mydriver1\mydriver1\x64\debug\mydriver1.tlog\inf2cat-expand.8784.write.1.tlog
d:\vs2013工程文件\mydriver1\mydriver1\x64\debug\mydriver1.tlog\inf2cat-expand.8848.read.1.tlog
d:\vs2013工程文件\mydriver1\mydriver1\x64\debug\mydriver1.tlog\inf2cat-expand.8848.write.1.tlog
d:\vs2013工程文件\mydriver1\mydriver1\x64\debug\mydriver1.tlog\inf2cat-expand.8940.read.1.tlog
d:\vs2013工程文件\mydriver1\mydriver1\x64\debug\mydriver1.tlog\inf2cat-expand.8940.write.1.tlog
d:\vs2013工程文件\mydriver1\mydriver1\x64\debug\mydriver1.tlog\inf2cat-expand.8956.read.1.tlog
d:\vs2013工程文件\mydriver1\mydriver1\x64\debug\mydriver1.tlog\inf2cat-expand.8956.write.1.tlog
d:\vs2013工程文件\mydriver1\mydriver1\x64\debug\mydriver1.tlog\inf2cat-expand.8984.read.1.tlog
d:\vs2013工程文件\mydriver1\mydriver1\x64\debug\mydriver1.tlog\inf2cat-expand.8984.write.1.tlog
d:\vs2013工程文件\mydriver1\mydriver1\x64\debug\mydriver1.tlog\inf2cat-expand.9008.read.1.tlog
d:\vs2013工程文件\mydriver1\mydriver1\x64\debug\mydriver1.tlog\inf2cat-expand.9008.write.1.tlog
d:\vs2013工程文件\mydriver1\mydriver1\x64\debug\mydriver1.tlog\inf2cat-expand.9072.read.1.tlog
d:\vs2013工程文件\mydriver1\mydriver1\x64\debug\mydriver1.tlog\inf2cat-expand.9072.write.1.tlog
d:\vs2013工程文件\mydriver1\mydriver1\x64\debug\mydriver1.tlog\inf2cat-expand.9188.read.1.tlog
d:\vs2013工程文件\mydriver1\mydriver1\x64\debug\mydriver1.tlog\inf2cat-expand.9188.write.1.tlog
d:\vs2013工程文件\mydriver1\mydriver1\x64\debug\mydriver1.tlog\inf2cat-expand.9240.read.1.tlog
d:\vs2013工程文件\mydriver1\mydriver1\x64\debug\mydriver1.tlog\inf2cat-expand.9240.write.1.tlog
d:\vs2013工程文件\mydriver1\mydriver1\x64\debug\mydriver1.tlog\inf2cat-expand.9248.read.1.tlog
d:\vs2013工程文件\mydriver1\mydriver1\x64\debug\mydriver1.tlog\inf2cat-expand.9248.write.1.tlog
d:\vs2013工程文件\mydriver1\mydriver1\x64\debug\mydriver1.tlog\inf2cat-expand.9268.read.1.tlog
d:\vs2013工程文件\mydriver1\mydriver1\x64\debug\mydriver1.tlog\inf2cat-expand.9268.write.1.tlog
d:\vs2013工程文件\mydriver1\mydriver1\x64\debug\mydriver1.tlog\inf2cat-expand.9288.read.1.tlog
d:\vs2013工程文件\mydriver1\mydriver1\x64\debug\mydriver1.tlog\inf2cat-expand.9288.write.1.tlog
d:\vs2013工程文件\mydriver1\mydriver1\x64\debug\mydriver1.tlog\inf2cat-expand.9296.read.1.tlog
d:\vs2013工程文件\mydriver1\mydriver1\x64\debug\mydriver1.tlog\inf2cat-expand.9296.write.1.tlog
d:\vs2013工程文件\mydriver1\mydriver1\x64\debug\mydriver1.tlog\inf2cat-expand.9300.read.1.tlog
d:\vs2013工程文件\mydriver1\mydriver1\x64\debug\mydriver1.tlog\inf2cat-expand.9300.write.1.tlog
d:\vs2013工程文件\mydriver1\mydriver1\x64\debug\mydriver1.tlog\inf2cat-expand.9436.read.1.tlog
d:\vs2013工程文件\mydriver1\mydriver1\x64\debug\mydriver1.tlog\inf2cat-expand.9436.write.1.tlog
d:\vs2013工程文件\mydriver1\mydriver1\x64\debug\mydriver1.tlog\inf2cat-expand.9444.read.1.tlog
d:\vs2013工程文件\mydriver1\mydriver1\x64\debug\mydriver1.tlog\inf2cat-expand.9444.write.1.tlog
d:\vs2013工程文件\mydriver1\mydriver1\x64\debug\mydriver1.tlog\inf2cat-expand.9484.read.1.tlog
d:\vs2013工程文件\mydriver1\mydriver1\x64\debug\mydriver1.tlog\inf2cat-expand.9484.write.1.tlog
d:\vs2013工程文件\mydriver1\mydriver1\x64\debug\mydriver1.tlog\inf2cat-expand.9680.read.1.tlog
d:\vs2013工程文件\mydriver1\mydriver1\x64\debug\mydriver1.tlog\inf2cat-expand.9680.write.1.tlog
d:\vs2013工程文件\mydriver1\mydriver1\x64\debug\mydriver1.tlog\inf2cat-expand.9692.read.1.tlog
d:\vs2013工程文件\mydriver1\mydriver1\x64\debug\mydriver1.tlog\inf2cat-expand.9692.write.1.tlog
d:\vs2013工程文件\mydriver1\mydriver1\x64\debug\mydriver1.tlog\inf2cat-expand.9796.read.1.tlog
d:\vs2013工程文件\mydriver1\mydriver1\x64\debug\mydriver1.tlog\inf2cat-expand.9796.write.1.tlog
d:\vs2013工程文件\mydriver1\mydriver1\x64\debug\mydriver1.tlog\inf2cat-expand.9824.read.1.tlog
d:\vs2013工程文件\mydriver1\mydriver1\x64\debug\mydriver1.tlog\inf2cat-expand.9824.write.1.tlog
d:\vs2013工程文件\mydriver1\mydriver1\x64\debug\mydriver1.tlog\inf2cat-expand.9856.read.1.tlog
d:\vs2013工程文件\mydriver1\mydriver1\x64\debug\mydriver1.tlog\inf2cat-expand.9856.write.1.tlog
d:\vs2013工程文件\mydriver1\mydriver1\x64\debug\mydriver1.tlog\inf2cat-expand.9884.read.1.tlog
d:\vs2013工程文件\mydriver1\mydriver1\x64\debug\mydriver1.tlog\inf2cat-expand.9884.write.1.tlog
d:\vs2013工程文件\mydriver1\mydriver1\x64\debug\mydriver1.tlog\inf2cat-expand.9888.read.1.tlog
d:\vs2013工程文件\mydriver1\mydriver1\x64\debug\mydriver1.tlog\inf2cat-expand.9888.write.1.tlog
d:\vs2013工程文件\mydriver1\mydriver1\x64\debug\mydriver1.tlog\inf2cat-expand.9912.read.1.tlog
d:\vs2013工程文件\mydriver1\mydriver1\x64\debug\mydriver1.tlog\inf2cat-expand.9912.write.1.tlog
d:\vs2013工程文件\mydriver1\mydriver1\x64\debug\mydriver1.tlog\inf2cat-expand.9916.read.1.tlog
d:\vs2013工程文件\mydriver1\mydriver1\x64\debug\mydriver1.tlog\inf2cat-expand.9916.write.1.tlog
d:\vs2013工程文件\mydriver1\mydriver1\x64\debug\mydriver1.tlog\inf2cat-expand.9920.read.1.tlog
d:\vs2013工程文件\mydriver1\mydriver1\x64\debug\mydriver1.tlog\inf2cat-expand.9920.write.1.tlog
d:\vs2013工程文件\mydriver1\mydriver1\x64\debug\mydriver1.tlog\inf2cat-expand.9928.read.1.tlog
d:\vs2013工程文件\mydriver1\mydriver1\x64\debug\mydriver1.tlog\inf2cat-expand.9928.write.1.tlog
d:\vs2013工程文件\mydriver1\mydriver1\x64\debug\mydriver1.tlog\inf2cat-expand.read.1.tlog
d:\vs2013工程文件\mydriver1\mydriver1\x64\debug\mydriver1.tlog\inf2cat-expand.write.1.tlog
d:\vs2013工程文件\mydriver1\mydriver1\x64\debug\mydriver1.tlog\inf2cat.command.1.tlog
d:\vs2013工程文件\mydriver1\mydriver1\x64\debug\mydriver1.tlog\inf2cat.read.1.tlog
d:\vs2013工程文件\mydriver1\mydriver1\x64\debug\mydriver1.tlog\inf2cat.write.1.tlog
d:\vs2013工程文件\mydriver1\mydriver1\x64\debug\mydriver1.tlog\link.command.1.tlog
d:\vs2013工程文件\mydriver1\mydriver1\x64\debug\mydriver1.tlog\link.read.1.tlog
d:\vs2013工程文件\mydriver1\mydriver1\x64\debug\mydriver1.tlog\link.write.1.tlog
d:\vs2013工程文件\mydriver1\mydriver1\x64\debug\mydriver1.tlog\signtool.command.1.tlog
d:\vs2013工程文件\mydriver1\mydriver1\x64\debug\mydriver1.tlog\signtool.read.1.tlog
d:\vs2013工程文件\mydriver1\mydriver1\x64\debug\mydriver1.tlog\signtool.timestamp.1.tlog
d:\vs2013工程文件\mydriver1\mydriver1\x64\debug\mydriver1.tlog\signtool.write.1.tlog
d:\vs2013工程文件\mydriver1\mydriver1\x64\debug\mydriver1.tlog\stampinf.command.1.tlog
d:\vs2013工程文件\mydriver1\mydriver1\x64\debug\mydriver1.tlog\stampinf.read.1.tlog
d:\vs2013工程文件\mydriver1\mydriver1\x64\debug\mydriver1.tlog\stampinf.write.1.tlog
