生成启动时间为 2016/3/27 13:56:18。
     1>项目“I:\VS2013工程文件\KMDF Driver2\KMDF Driver2\KMDF Driver2.vcxproj”在节点 2 上(Build 个目标)。
     1>ClCompile:
         I:\Microsoft Visual stdio 2013\VC\bin\x86_amd64\CL.exe /c /Ix64\Win7Release\ /Zi /nologo /W4 /WX /Ox /Os /Oy- /D _WIN64 /D _AMD64_ /D AMD64 /D _WIN32_WINNT=0x0601 /D WINVER=0x0601 /D WINNT=1 /D NTDDI_VERSION=0x06010000 /D KMDF_VERSION_MAJOR=1 /D KMDF_VERSION_MINOR=11 /GF /Gm- /Zp8 /GS /Gy /fp:precise /Zc:wchar_t- /Zc:forScope- /GR- /Fo"x64\Win7Release\\" /Fd"x64\Win7Release\vc120.pdb" /Gz /wd4603 /wd4627 /wd4986 /wd4987 /wd4996 /FII:\WDK\Include\Shared\warning.h /errorReport:prompt /kernel -cbstring -d2epilogunwind  /d1nodatetime /d1import_no_registry /d2AllowCompatibleILVersions /d2Zi+ "源.c"
         源.c
     1>i:\vs2013工程文件\kmdf driver2\kmdf driver2\miniportfunction.h(180): error C4013: “NdisMSetAttributesEx”未定义；假设外部返回 int
     1>i:\vs2013工程文件\kmdf driver2\kmdf driver2\miniportfunction.h(180): error C2065: “NDIS_ATTRIBUTE_DESERIALIZE”: 未声明的标识符
     1>i:\vs2013工程文件\kmdf driver2\kmdf driver2\miniportfunction.h(181): error C2065: “NDIS_ATTRIBUTE_USES_SAFE_BUFFER_APIS”: 未声明的标识符
     1>源.c(13): error C4013: “NdisMInitializeWrapper”未定义；假设外部返回 int
     1>源.c(14): error C2065: “NDIS_MINIPORT_CHARACTERISTICS”: 未声明的标识符
     1>源.c(14): error C2146: 语法错误: 缺少“;”(在标识符“minicha”的前面)
     1>源.c(14): error C2065: “minicha”: 未声明的标识符
     1>源.c(15): error C2065: “minicha”: 未声明的标识符
     1>源.c(15): error C2065: “NDIS_MINIPORT_CHARACTERISTICS”: 未声明的标识符
     1>源.c(16): error C2065: “minicha”: 未声明的标识符
     1>源.c(16): error C2224: “.MajorNdisVersion”的左侧必须具有结构/联合类型
     1>源.c(16): error C2065: “NDIS_MINIPORT_MAJOR_VERSION”: 未声明的标识符
     1>源.c(17): error C2065: “minicha”: 未声明的标识符
     1>源.c(17): error C2224: “.MinorNdisVersion”的左侧必须具有结构/联合类型
     1>源.c(17): error C2065: “NDIS_MINIPORT_MINOR_VERSION”: 未声明的标识符
     1>源.c(18): error C2065: “minicha”: 未声明的标识符
     1>源.c(18): error C2224: “.InitializeHandler”的左侧必须具有结构/联合类型
     1>源.c(19): error C2065: “minicha”: 未声明的标识符
     1>源.c(19): error C2224: “.HaltHandler”的左侧必须具有结构/联合类型
     1>源.c(20): error C2065: “minicha”: 未声明的标识符
     1>源.c(20): error C2224: “.SetInformationHandler”的左侧必须具有结构/联合类型
     1>源.c(21): error C2065: “minicha”: 未声明的标识符
     1>源.c(21): error C2224: “.QueryInformationHandler”的左侧必须具有结构/联合类型
     1>源.c(22): error C2065: “minicha”: 未声明的标识符
     1>源.c(22): error C2224: “.SendPacketsHandler”的左侧必须具有结构/联合类型
     1>源.c(23): error C2065: “minicha”: 未声明的标识符
     1>源.c(23): error C2224: “.ReturnPacketHandler”的左侧必须具有结构/联合类型
     1>源.c(24): error C2065: “minicha”: 未声明的标识符
     1>源.c(24): error C2224: “.ResetHandler”的左侧必须具有结构/联合类型
     1>源.c(25): error C2065: “minicha”: 未声明的标识符
     1>源.c(25): error C2224: “.CheckForHangHandler”的左侧必须具有结构/联合类型
     1>源.c(26): error C4013: “NdisMRegisterMiniport”未定义；假设外部返回 int
     1>源.c(26): error C2065: “minicha”: 未声明的标识符
     1>源.c(26): error C2065: “NDIS_MINIPORT_CHARACTERISTICS”: 未声明的标识符
     1>源.c(28): error C4013: “NdisMRegisterUnloadHandler”未定义；假设外部返回 int
     1>已完成生成项目“I:\VS2013工程文件\KMDF Driver2\KMDF Driver2\KMDF Driver2.vcxproj”(Build 个目标)的操作 - 失败。

生成失败。

已用时间 00:00:00.28
