生成启动时间为 2017/3/7 19:06:29。
     1>项目“D:\VS2013工程文件\MyDriver1\MyDriver1\MyDriver1.vcxproj”在节点 2 上(Build 个目标)。
     1>DriverBuildNotifications:
         Building 'MyDriver1' with toolset 'WindowsKernelModeDriver10.0' and the 'Desktop' target platform.
         Using KMDF 1.15.
       InitializeBuildStatus:
         正在对“x64\Release\MyDriver1.tlog\unsuccessfulbuild”执行 Touch 任务。
       StampInf:
         C:\Program Files (x86)\Windows Kits\10\bin\x86\stampinf.exe -d "*" -a "amd64" -v "*" -k "1.15"  -x -f x64\Release\setup.inf 
         Copying "D:\VS2013工程文件\MyDriver1\MyDriver1\setup.inx" to "x64\Release\setup.inf" for stamping
         Stamping x64\Release\setup.inf [Version] section with DriverVer=03/07/2017,19.6.29.524
         正在将文件从“x64\Release\setup.inf”复制到“D:\VS2013工程文件\MyDriver1\x64\Release\setup.inf”。
       ClCompile:
         所有输出均为最新。
       Link:
         所有输出均为最新。
         MyDriver1.vcxproj -> D:\VS2013工程文件\MyDriver1\x64\Release\MyDriver1.sys
         MyDriver1.vcxproj -> D:\VS2013工程文件\MyDriver1\x64\Release\MyDriver1.pdb (Full PDB)
     1>项目“D:\VS2013工程文件\MyDriver1\MyDriver1\MyDriver1.vcxproj”(1)正在节点 2 上生成“D:\VS2013工程文件\MyDriver1\MyDriver1\MyDriver1.vcxproj”(1:2) (TestSign 个目标)。
     1>TestSign:
         The driver will be test-signed. Driver signing options can be changed from the project properties.
         Sign Inputs: D:\VS2013工程文件\MyDriver1\x64\Release\MyDriver1.sys
         所有输出均为最新。
     1>已完成生成项目“D:\VS2013工程文件\MyDriver1\MyDriver1\MyDriver1.vcxproj”(TestSign 个目标)的操作。
     1>DriverPackageTarget:
         Packaging up the following projects for the following configurations:
         
          Configuration='' Platform=''
         
         
         The following files will be packaged:
         
         File to package:      D:\VS2013工程文件\MyDriver1\x64\Release\MyDriver1.sys.
         Location in Package:  \MyDriver1.sys.
         Requested by project: 
         
         
         File to package:      x64\Release\setup.inf.
         Location in Package:  \setup.inf.
         Requested by project: 
         
         
         正在将文件从“x64\Release\setup.inf”复制到“D:\VS2013工程文件\MyDriver1\x64\Release\MyDriver1\\setup.inf”。
       Inf2Cat:
         C:\Program Files (x86)\Windows Kits\10\bin\x86\inf2cat.exe /os:10_x64 /driver:"D:\VS2013工程文件\MyDriver1\x64\Release\MyDriver1\\" 
         ........................
         Signability test failed.
         
         Errors:
         22.9.1: ramdisk.sys in [diskcopyfiles] of \setup.inf is missing or cannot be decompressed from source media.  Please verify all path values specified in SourceDisksNames, SouceDisksFiles, and CopyFiles sections resolve to the actual location of the file, and are expressed in terms relative to the location of the inf.
         
         Warnings:
         None
     1>x64\Release\inf2catOutput.log : Inf2Cat error -2: "Inf2Cat, signability test failed." Double click to see the tool output.
     1>已完成生成项目“D:\VS2013工程文件\MyDriver1\MyDriver1\MyDriver1.vcxproj”(Build 个目标)的操作 - 失败。

生成失败。

已用时间 00:00:00.48
