d:\vs2013工程文件\mydriver7\mydriver7\x64\release\vc140.pdb
d:\vs2013工程文件\mydriver7\mydriver7\x64\release\init.obj
d:\vs2013工程文件\mydriver7\mydriver7\x64\release\filter.obj
d:\vs2013工程文件\mydriver7\x64\release\myndis6.0.sys
d:\vs2013工程文件\mydriver7\x64\release\myndis6.0.pdb
d:\vs2013工程文件\mydriver7\mydriver7\x64\release\mydriver7.inf
d:\vs2013工程文件\mydriver7\x64\release\myndis6.0.cer
d:\vs2013工程文件\mydriver7\mydriver7\x64\release\my ndis 6.0.tlog\cl.command.1.tlog
d:\vs2013工程文件\mydriver7\mydriver7\x64\release\my ndis 6.0.tlog\cl.read.1.tlog
d:\vs2013工程文件\mydriver7\mydriver7\x64\release\my ndis 6.0.tlog\cl.write.1.tlog
d:\vs2013工程文件\mydriver7\mydriver7\x64\release\my ndis 6.0.tlog\inf2cat-expand.12896.read.1.tlog
d:\vs2013工程文件\mydriver7\mydriver7\x64\release\my ndis 6.0.tlog\inf2cat-expand.12896.write.1.tlog
d:\vs2013工程文件\mydriver7\mydriver7\x64\release\my ndis 6.0.tlog\inf2cat-expand.6176.read.1.tlog
d:\vs2013工程文件\mydriver7\mydriver7\x64\release\my ndis 6.0.tlog\inf2cat-expand.6176.write.1.tlog
d:\vs2013工程文件\mydriver7\mydriver7\x64\release\my ndis 6.0.tlog\inf2cat-expand.7420.read.1.tlog
d:\vs2013工程文件\mydriver7\mydriver7\x64\release\my ndis 6.0.tlog\inf2cat-expand.7420.write.1.tlog
d:\vs2013工程文件\mydriver7\mydriver7\x64\release\my ndis 6.0.tlog\inf2cat-expand.read.1.tlog
d:\vs2013工程文件\mydriver7\mydriver7\x64\release\my ndis 6.0.tlog\inf2cat-expand.write.1.tlog
d:\vs2013工程文件\mydriver7\mydriver7\x64\release\my ndis 6.0.tlog\inf2cat.command.1.tlog
d:\vs2013工程文件\mydriver7\mydriver7\x64\release\my ndis 6.0.tlog\inf2cat.read.1.tlog
d:\vs2013工程文件\mydriver7\mydriver7\x64\release\my ndis 6.0.tlog\inf2cat.write.1.tlog
d:\vs2013工程文件\mydriver7\mydriver7\x64\release\my ndis 6.0.tlog\link.command.1.tlog
d:\vs2013工程文件\mydriver7\mydriver7\x64\release\my ndis 6.0.tlog\link.read.1.tlog
d:\vs2013工程文件\mydriver7\mydriver7\x64\release\my ndis 6.0.tlog\link.write.1.tlog
d:\vs2013工程文件\mydriver7\mydriver7\x64\release\my ndis 6.0.tlog\signtool.command.1.tlog
d:\vs2013工程文件\mydriver7\mydriver7\x64\release\my ndis 6.0.tlog\signtool.read.1.tlog
d:\vs2013工程文件\mydriver7\mydriver7\x64\release\my ndis 6.0.tlog\signtool.timestamp.1.tlog
d:\vs2013工程文件\mydriver7\mydriver7\x64\release\my ndis 6.0.tlog\signtool.write.1.tlog
d:\vs2013工程文件\mydriver7\mydriver7\x64\release\my ndis 6.0.tlog\stampinf.command.1.tlog
d:\vs2013工程文件\mydriver7\mydriver7\x64\release\my ndis 6.0.tlog\stampinf.read.1.tlog
d:\vs2013工程文件\mydriver7\mydriver7\x64\release\my ndis 6.0.tlog\stampinf.write.1.tlog
