d:\vs2013工程文件\mydriver7\my ndis 6.0\x64\release\vc140.pdb
d:\vs2013工程文件\mydriver7\my ndis 6.0\x64\release\init.obj
d:\vs2013工程文件\mydriver7\my ndis 6.0\x64\release\filter.obj
d:\vs2013工程文件\mydriver7\x64\release\my ndis 6.0\netlwf.cat
d:\vs2013工程文件\mydriver7\x64\release\zlzndislwf.sys
d:\vs2013工程文件\mydriver7\x64\release\zlzndislwf.pdb
d:\vs2013工程文件\mydriver7\my ndis 6.0\x64\release\mydriver7.inf
d:\vs2013工程文件\mydriver7\x64\release\zlzndislwf.cer
d:\vs2013工程文件\mydriver7\my ndis 6.0\x64\release\my ndis 6.0.tlog\cl.command.1.tlog
d:\vs2013工程文件\mydriver7\my ndis 6.0\x64\release\my ndis 6.0.tlog\cl.read.1.tlog
d:\vs2013工程文件\mydriver7\my ndis 6.0\x64\release\my ndis 6.0.tlog\cl.write.1.tlog
d:\vs2013工程文件\mydriver7\my ndis 6.0\x64\release\my ndis 6.0.tlog\inf2cat-expand.10024.read.1.tlog
d:\vs2013工程文件\mydriver7\my ndis 6.0\x64\release\my ndis 6.0.tlog\inf2cat-expand.10024.write.1.tlog
d:\vs2013工程文件\mydriver7\my ndis 6.0\x64\release\my ndis 6.0.tlog\inf2cat-expand.10224.read.1.tlog
d:\vs2013工程文件\mydriver7\my ndis 6.0\x64\release\my ndis 6.0.tlog\inf2cat-expand.10224.write.1.tlog
d:\vs2013工程文件\mydriver7\my ndis 6.0\x64\release\my ndis 6.0.tlog\inf2cat-expand.10292.read.1.tlog
d:\vs2013工程文件\mydriver7\my ndis 6.0\x64\release\my ndis 6.0.tlog\inf2cat-expand.10292.write.1.tlog
d:\vs2013工程文件\mydriver7\my ndis 6.0\x64\release\my ndis 6.0.tlog\inf2cat-expand.10416.read.1.tlog
d:\vs2013工程文件\mydriver7\my ndis 6.0\x64\release\my ndis 6.0.tlog\inf2cat-expand.10416.write.1.tlog
d:\vs2013工程文件\mydriver7\my ndis 6.0\x64\release\my ndis 6.0.tlog\inf2cat-expand.10428.read.1.tlog
d:\vs2013工程文件\mydriver7\my ndis 6.0\x64\release\my ndis 6.0.tlog\inf2cat-expand.10428.write.1.tlog
d:\vs2013工程文件\mydriver7\my ndis 6.0\x64\release\my ndis 6.0.tlog\inf2cat-expand.10724.read.1.tlog
d:\vs2013工程文件\mydriver7\my ndis 6.0\x64\release\my ndis 6.0.tlog\inf2cat-expand.10724.write.1.tlog
d:\vs2013工程文件\mydriver7\my ndis 6.0\x64\release\my ndis 6.0.tlog\inf2cat-expand.10752.read.1.tlog
d:\vs2013工程文件\mydriver7\my ndis 6.0\x64\release\my ndis 6.0.tlog\inf2cat-expand.10752.write.1.tlog
d:\vs2013工程文件\mydriver7\my ndis 6.0\x64\release\my ndis 6.0.tlog\inf2cat-expand.10992.read.1.tlog
d:\vs2013工程文件\mydriver7\my ndis 6.0\x64\release\my ndis 6.0.tlog\inf2cat-expand.10992.write.1.tlog
d:\vs2013工程文件\mydriver7\my ndis 6.0\x64\release\my ndis 6.0.tlog\inf2cat-expand.11072.read.1.tlog
d:\vs2013工程文件\mydriver7\my ndis 6.0\x64\release\my ndis 6.0.tlog\inf2cat-expand.11072.write.1.tlog
d:\vs2013工程文件\mydriver7\my ndis 6.0\x64\release\my ndis 6.0.tlog\inf2cat-expand.11152.read.1.tlog
d:\vs2013工程文件\mydriver7\my ndis 6.0\x64\release\my ndis 6.0.tlog\inf2cat-expand.11152.write.1.tlog
d:\vs2013工程文件\mydriver7\my ndis 6.0\x64\release\my ndis 6.0.tlog\inf2cat-expand.11220.read.1.tlog
d:\vs2013工程文件\mydriver7\my ndis 6.0\x64\release\my ndis 6.0.tlog\inf2cat-expand.11220.write.1.tlog
d:\vs2013工程文件\mydriver7\my ndis 6.0\x64\release\my ndis 6.0.tlog\inf2cat-expand.1136.read.1.tlog
d:\vs2013工程文件\mydriver7\my ndis 6.0\x64\release\my ndis 6.0.tlog\inf2cat-expand.1136.write.1.tlog
d:\vs2013工程文件\mydriver7\my ndis 6.0\x64\release\my ndis 6.0.tlog\inf2cat-expand.11384.read.1.tlog
d:\vs2013工程文件\mydriver7\my ndis 6.0\x64\release\my ndis 6.0.tlog\inf2cat-expand.11384.write.1.tlog
d:\vs2013工程文件\mydriver7\my ndis 6.0\x64\release\my ndis 6.0.tlog\inf2cat-expand.11404.read.1.tlog
d:\vs2013工程文件\mydriver7\my ndis 6.0\x64\release\my ndis 6.0.tlog\inf2cat-expand.11404.write.1.tlog
d:\vs2013工程文件\mydriver7\my ndis 6.0\x64\release\my ndis 6.0.tlog\inf2cat-expand.11476.read.1.tlog
d:\vs2013工程文件\mydriver7\my ndis 6.0\x64\release\my ndis 6.0.tlog\inf2cat-expand.11476.write.1.tlog
d:\vs2013工程文件\mydriver7\my ndis 6.0\x64\release\my ndis 6.0.tlog\inf2cat-expand.11604.read.1.tlog
d:\vs2013工程文件\mydriver7\my ndis 6.0\x64\release\my ndis 6.0.tlog\inf2cat-expand.11604.write.1.tlog
d:\vs2013工程文件\mydriver7\my ndis 6.0\x64\release\my ndis 6.0.tlog\inf2cat-expand.11672.read.1.tlog
d:\vs2013工程文件\mydriver7\my ndis 6.0\x64\release\my ndis 6.0.tlog\inf2cat-expand.11672.write.1.tlog
d:\vs2013工程文件\mydriver7\my ndis 6.0\x64\release\my ndis 6.0.tlog\inf2cat-expand.11676.read.1.tlog
d:\vs2013工程文件\mydriver7\my ndis 6.0\x64\release\my ndis 6.0.tlog\inf2cat-expand.11676.write.1.tlog
d:\vs2013工程文件\mydriver7\my ndis 6.0\x64\release\my ndis 6.0.tlog\inf2cat-expand.11712.read.1.tlog
d:\vs2013工程文件\mydriver7\my ndis 6.0\x64\release\my ndis 6.0.tlog\inf2cat-expand.11712.write.1.tlog
d:\vs2013工程文件\mydriver7\my ndis 6.0\x64\release\my ndis 6.0.tlog\inf2cat-expand.11736.read.1.tlog
d:\vs2013工程文件\mydriver7\my ndis 6.0\x64\release\my ndis 6.0.tlog\inf2cat-expand.11736.write.1.tlog
d:\vs2013工程文件\mydriver7\my ndis 6.0\x64\release\my ndis 6.0.tlog\inf2cat-expand.11800.read.1.tlog
d:\vs2013工程文件\mydriver7\my ndis 6.0\x64\release\my ndis 6.0.tlog\inf2cat-expand.11800.write.1.tlog
d:\vs2013工程文件\mydriver7\my ndis 6.0\x64\release\my ndis 6.0.tlog\inf2cat-expand.11832.read.1.tlog
d:\vs2013工程文件\mydriver7\my ndis 6.0\x64\release\my ndis 6.0.tlog\inf2cat-expand.11832.write.1.tlog
d:\vs2013工程文件\mydriver7\my ndis 6.0\x64\release\my ndis 6.0.tlog\inf2cat-expand.11964.read.1.tlog
d:\vs2013工程文件\mydriver7\my ndis 6.0\x64\release\my ndis 6.0.tlog\inf2cat-expand.11964.write.1.tlog
d:\vs2013工程文件\mydriver7\my ndis 6.0\x64\release\my ndis 6.0.tlog\inf2cat-expand.12044.read.1.tlog
d:\vs2013工程文件\mydriver7\my ndis 6.0\x64\release\my ndis 6.0.tlog\inf2cat-expand.12044.write.1.tlog
d:\vs2013工程文件\mydriver7\my ndis 6.0\x64\release\my ndis 6.0.tlog\inf2cat-expand.12120.read.1.tlog
d:\vs2013工程文件\mydriver7\my ndis 6.0\x64\release\my ndis 6.0.tlog\inf2cat-expand.12120.write.1.tlog
d:\vs2013工程文件\mydriver7\my ndis 6.0\x64\release\my ndis 6.0.tlog\inf2cat-expand.1344.read.1.tlog
d:\vs2013工程文件\mydriver7\my ndis 6.0\x64\release\my ndis 6.0.tlog\inf2cat-expand.1344.write.1.tlog
d:\vs2013工程文件\mydriver7\my ndis 6.0\x64\release\my ndis 6.0.tlog\inf2cat-expand.1408.read.1.tlog
d:\vs2013工程文件\mydriver7\my ndis 6.0\x64\release\my ndis 6.0.tlog\inf2cat-expand.1408.write.1.tlog
d:\vs2013工程文件\mydriver7\my ndis 6.0\x64\release\my ndis 6.0.tlog\inf2cat-expand.1440.read.1.tlog
d:\vs2013工程文件\mydriver7\my ndis 6.0\x64\release\my ndis 6.0.tlog\inf2cat-expand.1440.write.1.tlog
d:\vs2013工程文件\mydriver7\my ndis 6.0\x64\release\my ndis 6.0.tlog\inf2cat-expand.17152.read.1.tlog
d:\vs2013工程文件\mydriver7\my ndis 6.0\x64\release\my ndis 6.0.tlog\inf2cat-expand.17152.write.1.tlog
d:\vs2013工程文件\mydriver7\my ndis 6.0\x64\release\my ndis 6.0.tlog\inf2cat-expand.17260.read.1.tlog
d:\vs2013工程文件\mydriver7\my ndis 6.0\x64\release\my ndis 6.0.tlog\inf2cat-expand.17260.write.1.tlog
d:\vs2013工程文件\mydriver7\my ndis 6.0\x64\release\my ndis 6.0.tlog\inf2cat-expand.17372.read.1.tlog
d:\vs2013工程文件\mydriver7\my ndis 6.0\x64\release\my ndis 6.0.tlog\inf2cat-expand.17372.write.1.tlog
d:\vs2013工程文件\mydriver7\my ndis 6.0\x64\release\my ndis 6.0.tlog\inf2cat-expand.2756.read.1.tlog
d:\vs2013工程文件\mydriver7\my ndis 6.0\x64\release\my ndis 6.0.tlog\inf2cat-expand.2756.write.1.tlog
d:\vs2013工程文件\mydriver7\my ndis 6.0\x64\release\my ndis 6.0.tlog\inf2cat-expand.2868.read.1.tlog
d:\vs2013工程文件\mydriver7\my ndis 6.0\x64\release\my ndis 6.0.tlog\inf2cat-expand.2868.write.1.tlog
d:\vs2013工程文件\mydriver7\my ndis 6.0\x64\release\my ndis 6.0.tlog\inf2cat-expand.3344.read.1.tlog
d:\vs2013工程文件\mydriver7\my ndis 6.0\x64\release\my ndis 6.0.tlog\inf2cat-expand.3344.write.1.tlog
d:\vs2013工程文件\mydriver7\my ndis 6.0\x64\release\my ndis 6.0.tlog\inf2cat-expand.3620.read.1.tlog
d:\vs2013工程文件\mydriver7\my ndis 6.0\x64\release\my ndis 6.0.tlog\inf2cat-expand.3620.write.1.tlog
d:\vs2013工程文件\mydriver7\my ndis 6.0\x64\release\my ndis 6.0.tlog\inf2cat-expand.3876.read.1.tlog
d:\vs2013工程文件\mydriver7\my ndis 6.0\x64\release\my ndis 6.0.tlog\inf2cat-expand.3876.write.1.tlog
d:\vs2013工程文件\mydriver7\my ndis 6.0\x64\release\my ndis 6.0.tlog\inf2cat-expand.4052.read.1.tlog
d:\vs2013工程文件\mydriver7\my ndis 6.0\x64\release\my ndis 6.0.tlog\inf2cat-expand.4052.write.1.tlog
d:\vs2013工程文件\mydriver7\my ndis 6.0\x64\release\my ndis 6.0.tlog\inf2cat-expand.4324.read.1.tlog
d:\vs2013工程文件\mydriver7\my ndis 6.0\x64\release\my ndis 6.0.tlog\inf2cat-expand.4324.write.1.tlog
d:\vs2013工程文件\mydriver7\my ndis 6.0\x64\release\my ndis 6.0.tlog\inf2cat-expand.4472.read.1.tlog
d:\vs2013工程文件\mydriver7\my ndis 6.0\x64\release\my ndis 6.0.tlog\inf2cat-expand.4472.write.1.tlog
d:\vs2013工程文件\mydriver7\my ndis 6.0\x64\release\my ndis 6.0.tlog\inf2cat-expand.448.read.1.tlog
d:\vs2013工程文件\mydriver7\my ndis 6.0\x64\release\my ndis 6.0.tlog\inf2cat-expand.448.write.1.tlog
d:\vs2013工程文件\mydriver7\my ndis 6.0\x64\release\my ndis 6.0.tlog\inf2cat-expand.4488.read.1.tlog
d:\vs2013工程文件\mydriver7\my ndis 6.0\x64\release\my ndis 6.0.tlog\inf2cat-expand.4488.write.1.tlog
d:\vs2013工程文件\mydriver7\my ndis 6.0\x64\release\my ndis 6.0.tlog\inf2cat-expand.4560.read.1.tlog
d:\vs2013工程文件\mydriver7\my ndis 6.0\x64\release\my ndis 6.0.tlog\inf2cat-expand.4560.write.1.tlog
d:\vs2013工程文件\mydriver7\my ndis 6.0\x64\release\my ndis 6.0.tlog\inf2cat-expand.5068.read.1.tlog
d:\vs2013工程文件\mydriver7\my ndis 6.0\x64\release\my ndis 6.0.tlog\inf2cat-expand.5068.write.1.tlog
d:\vs2013工程文件\mydriver7\my ndis 6.0\x64\release\my ndis 6.0.tlog\inf2cat-expand.5540.read.1.tlog
d:\vs2013工程文件\mydriver7\my ndis 6.0\x64\release\my ndis 6.0.tlog\inf2cat-expand.5540.write.1.tlog
d:\vs2013工程文件\mydriver7\my ndis 6.0\x64\release\my ndis 6.0.tlog\inf2cat-expand.5696.read.1.tlog
d:\vs2013工程文件\mydriver7\my ndis 6.0\x64\release\my ndis 6.0.tlog\inf2cat-expand.5696.write.1.tlog
d:\vs2013工程文件\mydriver7\my ndis 6.0\x64\release\my ndis 6.0.tlog\inf2cat-expand.6028.read.1.tlog
d:\vs2013工程文件\mydriver7\my ndis 6.0\x64\release\my ndis 6.0.tlog\inf2cat-expand.6028.write.1.tlog
d:\vs2013工程文件\mydriver7\my ndis 6.0\x64\release\my ndis 6.0.tlog\inf2cat-expand.6184.read.1.tlog
d:\vs2013工程文件\mydriver7\my ndis 6.0\x64\release\my ndis 6.0.tlog\inf2cat-expand.6184.write.1.tlog
d:\vs2013工程文件\mydriver7\my ndis 6.0\x64\release\my ndis 6.0.tlog\inf2cat-expand.6236.read.1.tlog
d:\vs2013工程文件\mydriver7\my ndis 6.0\x64\release\my ndis 6.0.tlog\inf2cat-expand.6236.write.1.tlog
d:\vs2013工程文件\mydriver7\my ndis 6.0\x64\release\my ndis 6.0.tlog\inf2cat-expand.6248.read.1.tlog
d:\vs2013工程文件\mydriver7\my ndis 6.0\x64\release\my ndis 6.0.tlog\inf2cat-expand.6248.write.1.tlog
d:\vs2013工程文件\mydriver7\my ndis 6.0\x64\release\my ndis 6.0.tlog\inf2cat-expand.6328.read.1.tlog
d:\vs2013工程文件\mydriver7\my ndis 6.0\x64\release\my ndis 6.0.tlog\inf2cat-expand.6328.write.1.tlog
d:\vs2013工程文件\mydriver7\my ndis 6.0\x64\release\my ndis 6.0.tlog\inf2cat-expand.6384.read.1.tlog
d:\vs2013工程文件\mydriver7\my ndis 6.0\x64\release\my ndis 6.0.tlog\inf2cat-expand.6384.write.1.tlog
d:\vs2013工程文件\mydriver7\my ndis 6.0\x64\release\my ndis 6.0.tlog\inf2cat-expand.7020.read.1.tlog
d:\vs2013工程文件\mydriver7\my ndis 6.0\x64\release\my ndis 6.0.tlog\inf2cat-expand.7020.write.1.tlog
d:\vs2013工程文件\mydriver7\my ndis 6.0\x64\release\my ndis 6.0.tlog\inf2cat-expand.7048.read.1.tlog
d:\vs2013工程文件\mydriver7\my ndis 6.0\x64\release\my ndis 6.0.tlog\inf2cat-expand.7048.write.1.tlog
d:\vs2013工程文件\mydriver7\my ndis 6.0\x64\release\my ndis 6.0.tlog\inf2cat-expand.7072.read.1.tlog
d:\vs2013工程文件\mydriver7\my ndis 6.0\x64\release\my ndis 6.0.tlog\inf2cat-expand.7072.write.1.tlog
d:\vs2013工程文件\mydriver7\my ndis 6.0\x64\release\my ndis 6.0.tlog\inf2cat-expand.7176.read.1.tlog
d:\vs2013工程文件\mydriver7\my ndis 6.0\x64\release\my ndis 6.0.tlog\inf2cat-expand.7176.write.1.tlog
d:\vs2013工程文件\mydriver7\my ndis 6.0\x64\release\my ndis 6.0.tlog\inf2cat-expand.732.read.1.tlog
d:\vs2013工程文件\mydriver7\my ndis 6.0\x64\release\my ndis 6.0.tlog\inf2cat-expand.732.write.1.tlog
d:\vs2013工程文件\mydriver7\my ndis 6.0\x64\release\my ndis 6.0.tlog\inf2cat-expand.7640.read.1.tlog
d:\vs2013工程文件\mydriver7\my ndis 6.0\x64\release\my ndis 6.0.tlog\inf2cat-expand.7640.write.1.tlog
d:\vs2013工程文件\mydriver7\my ndis 6.0\x64\release\my ndis 6.0.tlog\inf2cat-expand.7652.read.1.tlog
d:\vs2013工程文件\mydriver7\my ndis 6.0\x64\release\my ndis 6.0.tlog\inf2cat-expand.7652.write.1.tlog
d:\vs2013工程文件\mydriver7\my ndis 6.0\x64\release\my ndis 6.0.tlog\inf2cat-expand.7784.read.1.tlog
d:\vs2013工程文件\mydriver7\my ndis 6.0\x64\release\my ndis 6.0.tlog\inf2cat-expand.7784.write.1.tlog
d:\vs2013工程文件\mydriver7\my ndis 6.0\x64\release\my ndis 6.0.tlog\inf2cat-expand.8344.read.1.tlog
d:\vs2013工程文件\mydriver7\my ndis 6.0\x64\release\my ndis 6.0.tlog\inf2cat-expand.8344.write.1.tlog
d:\vs2013工程文件\mydriver7\my ndis 6.0\x64\release\my ndis 6.0.tlog\inf2cat-expand.8456.read.1.tlog
d:\vs2013工程文件\mydriver7\my ndis 6.0\x64\release\my ndis 6.0.tlog\inf2cat-expand.8456.write.1.tlog
d:\vs2013工程文件\mydriver7\my ndis 6.0\x64\release\my ndis 6.0.tlog\inf2cat-expand.8652.read.1.tlog
d:\vs2013工程文件\mydriver7\my ndis 6.0\x64\release\my ndis 6.0.tlog\inf2cat-expand.8652.write.1.tlog
d:\vs2013工程文件\mydriver7\my ndis 6.0\x64\release\my ndis 6.0.tlog\inf2cat-expand.8940.read.1.tlog
d:\vs2013工程文件\mydriver7\my ndis 6.0\x64\release\my ndis 6.0.tlog\inf2cat-expand.8940.write.1.tlog
d:\vs2013工程文件\mydriver7\my ndis 6.0\x64\release\my ndis 6.0.tlog\inf2cat-expand.8996.read.1.tlog
d:\vs2013工程文件\mydriver7\my ndis 6.0\x64\release\my ndis 6.0.tlog\inf2cat-expand.8996.write.1.tlog
d:\vs2013工程文件\mydriver7\my ndis 6.0\x64\release\my ndis 6.0.tlog\inf2cat-expand.9232.read.1.tlog
d:\vs2013工程文件\mydriver7\my ndis 6.0\x64\release\my ndis 6.0.tlog\inf2cat-expand.9232.write.1.tlog
d:\vs2013工程文件\mydriver7\my ndis 6.0\x64\release\my ndis 6.0.tlog\inf2cat-expand.9292.read.1.tlog
d:\vs2013工程文件\mydriver7\my ndis 6.0\x64\release\my ndis 6.0.tlog\inf2cat-expand.9292.write.1.tlog
d:\vs2013工程文件\mydriver7\my ndis 6.0\x64\release\my ndis 6.0.tlog\inf2cat-expand.9568.read.1.tlog
d:\vs2013工程文件\mydriver7\my ndis 6.0\x64\release\my ndis 6.0.tlog\inf2cat-expand.9568.write.1.tlog
d:\vs2013工程文件\mydriver7\my ndis 6.0\x64\release\my ndis 6.0.tlog\inf2cat-expand.9576.read.1.tlog
d:\vs2013工程文件\mydriver7\my ndis 6.0\x64\release\my ndis 6.0.tlog\inf2cat-expand.9576.write.1.tlog
d:\vs2013工程文件\mydriver7\my ndis 6.0\x64\release\my ndis 6.0.tlog\inf2cat-expand.9608.read.1.tlog
d:\vs2013工程文件\mydriver7\my ndis 6.0\x64\release\my ndis 6.0.tlog\inf2cat-expand.9608.write.1.tlog
d:\vs2013工程文件\mydriver7\my ndis 6.0\x64\release\my ndis 6.0.tlog\inf2cat-expand.9676.read.1.tlog
d:\vs2013工程文件\mydriver7\my ndis 6.0\x64\release\my ndis 6.0.tlog\inf2cat-expand.9676.write.1.tlog
d:\vs2013工程文件\mydriver7\my ndis 6.0\x64\release\my ndis 6.0.tlog\inf2cat-expand.9712.read.1.tlog
d:\vs2013工程文件\mydriver7\my ndis 6.0\x64\release\my ndis 6.0.tlog\inf2cat-expand.9712.write.1.tlog
d:\vs2013工程文件\mydriver7\my ndis 6.0\x64\release\my ndis 6.0.tlog\inf2cat-expand.972.read.1.tlog
d:\vs2013工程文件\mydriver7\my ndis 6.0\x64\release\my ndis 6.0.tlog\inf2cat-expand.972.write.1.tlog
d:\vs2013工程文件\mydriver7\my ndis 6.0\x64\release\my ndis 6.0.tlog\inf2cat-expand.9740.read.1.tlog
d:\vs2013工程文件\mydriver7\my ndis 6.0\x64\release\my ndis 6.0.tlog\inf2cat-expand.9740.write.1.tlog
d:\vs2013工程文件\mydriver7\my ndis 6.0\x64\release\my ndis 6.0.tlog\inf2cat-expand.9744.read.1.tlog
d:\vs2013工程文件\mydriver7\my ndis 6.0\x64\release\my ndis 6.0.tlog\inf2cat-expand.9744.write.1.tlog
d:\vs2013工程文件\mydriver7\my ndis 6.0\x64\release\my ndis 6.0.tlog\inf2cat-expand.9760.read.1.tlog
d:\vs2013工程文件\mydriver7\my ndis 6.0\x64\release\my ndis 6.0.tlog\inf2cat-expand.9760.write.1.tlog
d:\vs2013工程文件\mydriver7\my ndis 6.0\x64\release\my ndis 6.0.tlog\inf2cat-expand.9812.read.1.tlog
d:\vs2013工程文件\mydriver7\my ndis 6.0\x64\release\my ndis 6.0.tlog\inf2cat-expand.9812.write.1.tlog
d:\vs2013工程文件\mydriver7\my ndis 6.0\x64\release\my ndis 6.0.tlog\inf2cat-expand.9852.read.1.tlog
d:\vs2013工程文件\mydriver7\my ndis 6.0\x64\release\my ndis 6.0.tlog\inf2cat-expand.9852.write.1.tlog
d:\vs2013工程文件\mydriver7\my ndis 6.0\x64\release\my ndis 6.0.tlog\inf2cat-expand.9992.read.1.tlog
d:\vs2013工程文件\mydriver7\my ndis 6.0\x64\release\my ndis 6.0.tlog\inf2cat-expand.9992.write.1.tlog
d:\vs2013工程文件\mydriver7\my ndis 6.0\x64\release\my ndis 6.0.tlog\inf2cat-expand.read.1.tlog
d:\vs2013工程文件\mydriver7\my ndis 6.0\x64\release\my ndis 6.0.tlog\inf2cat-expand.write.1.tlog
d:\vs2013工程文件\mydriver7\my ndis 6.0\x64\release\my ndis 6.0.tlog\inf2cat.command.1.tlog
d:\vs2013工程文件\mydriver7\my ndis 6.0\x64\release\my ndis 6.0.tlog\inf2cat.read.1.tlog
d:\vs2013工程文件\mydriver7\my ndis 6.0\x64\release\my ndis 6.0.tlog\inf2cat.read.8.tlog
d:\vs2013工程文件\mydriver7\my ndis 6.0\x64\release\my ndis 6.0.tlog\inf2cat.write.1.tlog
d:\vs2013工程文件\mydriver7\my ndis 6.0\x64\release\my ndis 6.0.tlog\inf2cat.write.8.tlog
d:\vs2013工程文件\mydriver7\my ndis 6.0\x64\release\my ndis 6.0.tlog\link.command.1.tlog
d:\vs2013工程文件\mydriver7\my ndis 6.0\x64\release\my ndis 6.0.tlog\link.read.1.tlog
d:\vs2013工程文件\mydriver7\my ndis 6.0\x64\release\my ndis 6.0.tlog\link.write.1.tlog
d:\vs2013工程文件\mydriver7\my ndis 6.0\x64\release\my ndis 6.0.tlog\signtool.command.1.tlog
d:\vs2013工程文件\mydriver7\my ndis 6.0\x64\release\my ndis 6.0.tlog\signtool.read.1.tlog
d:\vs2013工程文件\mydriver7\my ndis 6.0\x64\release\my ndis 6.0.tlog\signtool.timestamp.1.tlog
d:\vs2013工程文件\mydriver7\my ndis 6.0\x64\release\my ndis 6.0.tlog\signtool.write.1.tlog
d:\vs2013工程文件\mydriver7\my ndis 6.0\x64\release\my ndis 6.0.tlog\stampinf.command.1.tlog
d:\vs2013工程文件\mydriver7\my ndis 6.0\x64\release\my ndis 6.0.tlog\stampinf.read.1.tlog
d:\vs2013工程文件\mydriver7\my ndis 6.0\x64\release\my ndis 6.0.tlog\stampinf.write.1.tlog
