d:\vs2013工程文件\mydriver7\duilib\build\release\duilib.pch
d:\vs2013工程文件\mydriver7\duilib\x64\release\vc140.pdb
d:\vs2013工程文件\mydriver7\duilib\x64\release\stdafx.obj
d:\vs2013工程文件\mydriver7\duilib\x64\release\uibutton.obj
d:\vs2013工程文件\mydriver7\duilib\x64\release\uiactivex.obj
d:\vs2013工程文件\mydriver7\duilib\x64\release\uiverticallayout.obj
d:\vs2013工程文件\mydriver7\duilib\x64\release\uitilelayout.obj
d:\vs2013工程文件\mydriver7\duilib\x64\release\uitablayout.obj
d:\vs2013工程文件\mydriver7\duilib\x64\release\uihorizontallayout.obj
d:\vs2013工程文件\mydriver7\duilib\x64\release\uichildlayout.obj
d:\vs2013工程文件\mydriver7\duilib\x64\release\uirender.obj
d:\vs2013工程文件\mydriver7\duilib\x64\release\uimarkup.obj
d:\vs2013工程文件\mydriver7\duilib\x64\release\uimanager.obj
d:\vs2013工程文件\mydriver7\duilib\x64\release\uidlgbuilder.obj
d:\vs2013工程文件\mydriver7\duilib\x64\release\uicontrol.obj
d:\vs2013工程文件\mydriver7\duilib\x64\release\uicontainer.obj
d:\vs2013工程文件\mydriver7\duilib\x64\release\uibase.obj
d:\vs2013工程文件\mydriver7\duilib\x64\release\wndshadow.obj
d:\vs2013工程文件\mydriver7\duilib\x64\release\utils.obj
d:\vs2013工程文件\mydriver7\duilib\x64\release\uidelegate.obj
d:\vs2013工程文件\mydriver7\duilib\x64\release\winimplbase.obj
d:\vs2013工程文件\mydriver7\duilib\x64\release\uilib.obj
d:\vs2013工程文件\mydriver7\duilib\x64\release\uitreeview.obj
d:\vs2013工程文件\mydriver7\duilib\x64\release\uiwebbrowser.obj
d:\vs2013工程文件\mydriver7\duilib\x64\release\uitext.obj
d:\vs2013工程文件\mydriver7\duilib\x64\release\uislider.obj
d:\vs2013工程文件\mydriver7\duilib\x64\release\uiscrollbar.obj
d:\vs2013工程文件\mydriver7\duilib\x64\release\uirichedit.obj
d:\vs2013工程文件\mydriver7\duilib\x64\release\uiprogress.obj
d:\vs2013工程文件\mydriver7\duilib\x64\release\uioption.obj
d:\vs2013工程文件\mydriver7\duilib\x64\release\uilist.obj
d:\vs2013工程文件\mydriver7\duilib\x64\release\uilabel.obj
d:\vs2013工程文件\mydriver7\duilib\x64\release\uigifanim.obj
d:\vs2013工程文件\mydriver7\duilib\x64\release\uiedit.obj
d:\vs2013工程文件\mydriver7\duilib\x64\release\uidatetime.obj
d:\vs2013工程文件\mydriver7\duilib\x64\release\uicombo.obj
d:\vs2013工程文件\mydriver7\duilib\x64\release\uicheckbox.obj
d:\vs2013工程文件\mydriver7\duilib\x64\release\stb_image.obj
d:\vs2013工程文件\mydriver7\duilib\x64\release\xunzip.obj
d:\vs2013工程文件\mydriver7\lib\duilib.lib
d:\vs2013工程文件\mydriver7\lib\duilib.exp
d:\vs2013工程文件\mydriver7\releasex64\duilib.dll
d:\vs2013工程文件\mydriver7\x64\release\duilib.pdb
d:\vs2013工程文件\mydriver7\duilib\x64\release\duilib.tlog\cl.command.1.tlog
d:\vs2013工程文件\mydriver7\duilib\x64\release\duilib.tlog\cl.read.1.tlog
d:\vs2013工程文件\mydriver7\duilib\x64\release\duilib.tlog\cl.write.1.tlog
d:\vs2013工程文件\mydriver7\duilib\x64\release\duilib.tlog\duilib.write.1u.tlog
d:\vs2013工程文件\mydriver7\duilib\x64\release\duilib.tlog\link.command.1.tlog
d:\vs2013工程文件\mydriver7\duilib\x64\release\duilib.tlog\link.read.1.tlog
d:\vs2013工程文件\mydriver7\duilib\x64\release\duilib.tlog\link.write.1.tlog
