生成启动时间为 2015/11/28 9:52:06。
     1>项目“E:\迅雷下载\project\2復\RyuJin.vcxproj”在节点 2 上(Build 个目标)。
     1>ClCompile:
         I:\Microsoft Visual stdio 2013\VC\bin\CL.exe /c /ZI /nologo /W3 /WX- /Od /Oy- /D WIN32 /D _DEBUG /D _WINDOWS /D _MBCS /Gm /EHsc /RTC1 /MTd /GS /fp:precise /Zc:wchar_t /Zc:forScope /Fo"Debug\\" /Fd"Debug\vc120.pdb" /Gd /TP /analyze- /errorReport:prompt mydat\source\boss_shot.cpp mydat\source\boss_shotH.cpp mydat\source\char.cpp mydat\source\cshot.cpp mydat\source\enemy.cpp mydat\source\enemy_act_pattern.cpp mydat\source\fps.cpp mydat\source\graph.cpp mydat\source\graph_back.cpp mydat\source\ini.cpp mydat\source\key.cpp mydat\source\load.cpp mydat\source\main.cpp mydat\source\music.cpp mydat\source\out.cpp mydat\source\shot.cpp mydat\source\shotH.cpp
         shotH.cpp
         shot.cpp
         out.cpp
         music.cpp
         main.cpp
         load.cpp
         key.cpp
         ini.cpp
         graph_back.cpp
         graph.cpp
         fps.cpp
         enemy_act_pattern.cpp
         enemy.cpp
         cshot.cpp
         char.cpp
         boss_shotH.cpp
         boss_shot.cpp
         正在生成代码...
       Link:
         I:\Microsoft Visual stdio 2013\VC\bin\link.exe /ERRORREPORT:PROMPT /OUT:"E:\迅雷下载\project\2復\Debug\RyuJin.exe" /INCREMENTAL /NOLOGO /LIBPATH:../include/ kernel32.lib user32.lib gdi32.lib winspool.lib comdlg32.lib advapi32.lib shell32.lib ole32.lib oleaut32.lib uuid.lib odbc32.lib odbccp32.lib /MANIFEST /MANIFESTUAC:"level='asInvoker' uiAccess='false'" /manifest:embed /DEBUG /PDB:"E:\迅雷下载\project\2復\Debug\RyuJin.pdb" /SUBSYSTEM:WINDOWS /TLBID:1 /DYNAMICBASE:NO /IMPLIB:"E:\迅雷下载\project\2復\Debug\RyuJin.lib" /MACHINE:X86 /SAFESEH Debug\boss_shot.obj
         Debug\boss_shotH.obj
         Debug\char.obj
         Debug\cshot.obj
         Debug\enemy.obj
         Debug\enemy_act_pattern.obj
         Debug\fps.obj
         Debug\graph.obj
         Debug\graph_back.obj
         Debug\ini.obj
         Debug\key.obj
         Debug\load.obj
         Debug\main.obj
         Debug\music.obj
         Debug\out.obj
         Debug\shot.obj
         Debug\shotH.obj
     1>boss_shot.obj : warning LNK4075: 忽略“/EDITANDCONTINUE”(由于“/SAFESEH”规范)
     1>DxUseCLib_d.lib(DxUseCLib.obj) : error LNK2026: 模块对于 SAFESEH 映像是不安全的。
     1>DxUseCLib_d.lib(DxUseCLibOgg.obj) : error LNK2026: 模块对于 SAFESEH 映像是不安全的。
     1>DxUseCLib_d.lib(DxUseCStrmBaseFilter.obj) : error LNK2026: 模块对于 SAFESEH 映像是不安全的。
     1>libpng_d.lib(pngrio.obj) : error LNK2026: 模块对于 SAFESEH 映像是不安全的。
     1>libpng_d.lib(pngerror.obj) : error LNK2026: 模块对于 SAFESEH 映像是不安全的。
     1>libpng_d.lib(pngget.obj) : error LNK2026: 模块对于 SAFESEH 映像是不安全的。
     1>libpng_d.lib(pngread.obj) : error LNK2026: 模块对于 SAFESEH 映像是不安全的。
     1>libpng_d.lib(pngmem.obj) : error LNK2026: 模块对于 SAFESEH 映像是不安全的。
     1>libpng_d.lib(pngtrans.obj) : error LNK2026: 模块对于 SAFESEH 映像是不安全的。
     1>libpng_d.lib(pngrtran.obj) : error LNK2026: 模块对于 SAFESEH 映像是不安全的。
     1>libpng_d.lib(png.obj) : error LNK2026: 模块对于 SAFESEH 映像是不安全的。
     1>libpng_d.lib(pngwrite.obj) : error LNK2026: 模块对于 SAFESEH 映像是不安全的。
     1>libpng_d.lib(pngset.obj) : error LNK2026: 模块对于 SAFESEH 映像是不安全的。
     1>libpng_d.lib(inflate.obj) : error LNK2026: 模块对于 SAFESEH 映像是不安全的。
     1>libpng_d.lib(pngrutil.obj) : error LNK2026: 模块对于 SAFESEH 映像是不安全的。
     1>libpng_d.lib(crc32.obj) : error LNK2026: 模块对于 SAFESEH 映像是不安全的。
     1>libpng_d.lib(pngwutil.obj) : error LNK2026: 模块对于 SAFESEH 映像是不安全的。
     1>libpng_d.lib(pngwio.obj) : error LNK2026: 模块对于 SAFESEH 映像是不安全的。
     1>libpng_d.lib(pngwtran.obj) : error LNK2026: 模块对于 SAFESEH 映像是不安全的。
     1>libpng_d.lib(deflate.obj) : error LNK2026: 模块对于 SAFESEH 映像是不安全的。
     1>libpng_d.lib(zutil.obj) : error LNK2026: 模块对于 SAFESEH 映像是不安全的。
     1>libpng_d.lib(inffast.obj) : error LNK2026: 模块对于 SAFESEH 映像是不安全的。
     1>libpng_d.lib(inftrees.obj) : error LNK2026: 模块对于 SAFESEH 映像是不安全的。
     1>libpng_d.lib(adler32.obj) : error LNK2026: 模块对于 SAFESEH 映像是不安全的。
     1>libpng_d.lib(trees.obj) : error LNK2026: 模块对于 SAFESEH 映像是不安全的。
     1>libpng_d.lib(compress.obj) : error LNK2026: 模块对于 SAFESEH 映像是不安全的。
     1>libjpeg_d.lib(jdmarker.obj) : error LNK2026: 模块对于 SAFESEH 映像是不安全的。
     1>libjpeg_d.lib(jdapimin.obj) : error LNK2026: 模块对于 SAFESEH 映像是不安全的。
     1>libjpeg_d.lib(jdapistd.obj) : error LNK2026: 模块对于 SAFESEH 映像是不安全的。
     1>libjpeg_d.lib(jerror.obj) : error LNK2026: 模块对于 SAFESEH 映像是不安全的。
     1>libjpeg_d.lib(jcapimin.obj) : error LNK2026: 模块对于 SAFESEH 映像是不安全的。
     1>libjpeg_d.lib(jcapistd.obj) : error LNK2026: 模块对于 SAFESEH 映像是不安全的。
     1>libjpeg_d.lib(jcparam.obj) : error LNK2026: 模块对于 SAFESEH 映像是不安全的。
     1>libjpeg_d.lib(jdatadst.obj) : error LNK2026: 模块对于 SAFESEH 映像是不安全的。
     1>libjpeg_d.lib(jcomapi.obj) : error LNK2026: 模块对于 SAFESEH 映像是不安全的。
     1>libjpeg_d.lib(jutils.obj) : error LNK2026: 模块对于 SAFESEH 映像是不安全的。
     1>libjpeg_d.lib(jdinput.obj) : error LNK2026: 模块对于 SAFESEH 映像是不安全的。
     1>libjpeg_d.lib(jmemmgr.obj) : error LNK2026: 模块对于 SAFESEH 映像是不安全的。
     1>libjpeg_d.lib(jdmaster.obj) : error LNK2026: 模块对于 SAFESEH 映像是不安全的。
     1>libjpeg_d.lib(jcmarker.obj) : error LNK2026: 模块对于 SAFESEH 映像是不安全的。
     1>libjpeg_d.lib(jcinit.obj) : error LNK2026: 模块对于 SAFESEH 映像是不安全的。
     1>libjpeg_d.lib(jmemansi.obj) : error LNK2026: 模块对于 SAFESEH 映像是不安全的。
     1>libjpeg_d.lib(jdmainct.obj) : error LNK2026: 模块对于 SAFESEH 映像是不安全的。
     1>libjpeg_d.lib(jdcoefct.obj) : error LNK2026: 模块对于 SAFESEH 映像是不安全的。
     1>libjpeg_d.lib(jdhuff.obj) : error LNK2026: 模块对于 SAFESEH 映像是不安全的。
     1>libjpeg_d.lib(jdarith.obj) : error LNK2026: 模块对于 SAFESEH 映像是不安全的。
     1>libjpeg_d.lib(jddctmgr.obj) : error LNK2026: 模块对于 SAFESEH 映像是不安全的。
     1>libjpeg_d.lib(jdpostct.obj) : error LNK2026: 模块对于 SAFESEH 映像是不安全的。
     1>libjpeg_d.lib(jdsample.obj) : error LNK2026: 模块对于 SAFESEH 映像是不安全的。
     1>libjpeg_d.lib(jdcolor.obj) : error LNK2026: 模块对于 SAFESEH 映像是不安全的。
     1>libjpeg_d.lib(jdmerge.obj) : error LNK2026: 模块对于 SAFESEH 映像是不安全的。
     1>libjpeg_d.lib(jquant2.obj) : error LNK2026: 模块对于 SAFESEH 映像是不安全的。
     1>libjpeg_d.lib(jquant1.obj) : error LNK2026: 模块对于 SAFESEH 映像是不安全的。
     1>libjpeg_d.lib(jcmainct.obj) : error LNK2026: 模块对于 SAFESEH 映像是不安全的。
     1>libjpeg_d.lib(jccoefct.obj) : error LNK2026: 模块对于 SAFESEH 映像是不安全的。
     1>libjpeg_d.lib(jchuff.obj) : error LNK2026: 模块对于 SAFESEH 映像是不安全的。
     1>libjpeg_d.lib(jcarith.obj) : error LNK2026: 模块对于 SAFESEH 映像是不安全的。
     1>libjpeg_d.lib(jcdctmgr.obj) : error LNK2026: 模块对于 SAFESEH 映像是不安全的。
     1>libjpeg_d.lib(jcprepct.obj) : error LNK2026: 模块对于 SAFESEH 映像是不安全的。
     1>libjpeg_d.lib(jcsample.obj) : error LNK2026: 模块对于 SAFESEH 映像是不安全的。
     1>libjpeg_d.lib(jccolor.obj) : error LNK2026: 模块对于 SAFESEH 映像是不安全的。
     1>libjpeg_d.lib(jcmaster.obj) : error LNK2026: 模块对于 SAFESEH 映像是不安全的。
     1>libjpeg_d.lib(jidctint.obj) : error LNK2026: 模块对于 SAFESEH 映像是不安全的。
     1>libjpeg_d.lib(jidctfst.obj) : error LNK2026: 模块对于 SAFESEH 映像是不安全的。
     1>libjpeg_d.lib(jidctflt.obj) : error LNK2026: 模块对于 SAFESEH 映像是不安全的。
     1>libjpeg_d.lib(jfdctint.obj) : error LNK2026: 模块对于 SAFESEH 映像是不安全的。
     1>libjpeg_d.lib(jfdctfst.obj) : error LNK2026: 模块对于 SAFESEH 映像是不安全的。
     1>libjpeg_d.lib(jfdctflt.obj) : error LNK2026: 模块对于 SAFESEH 映像是不安全的。
     1>ogg_static_d.lib(framing.obj) : error LNK2026: 模块对于 SAFESEH 映像是不安全的。
     1>vorbis_static_d.lib(vorbisfile.obj) : error LNK2026: 模块对于 SAFESEH 映像是不安全的。
     1>vorbis_static_d.lib(info.obj) : error LNK2026: 模块对于 SAFESEH 映像是不安全的。
     1>vorbis_static_d.lib(synthesis.obj) : error LNK2026: 模块对于 SAFESEH 映像是不安全的。
     1>vorbis_static_d.lib(block.obj) : error LNK2026: 模块对于 SAFESEH 映像是不安全的。
     1>vorbis_static_d.lib(psy.obj) : error LNK2026: 模块对于 SAFESEH 映像是不安全的。
     1>vorbis_static_d.lib(sharedbook.obj) : error LNK2026: 模块对于 SAFESEH 映像是不安全的。
     1>vorbis_static_d.lib(codebook.obj) : error LNK2026: 模块对于 SAFESEH 映像是不安全的。
     1>vorbis_static_d.lib(bitrate.obj) : error LNK2026: 模块对于 SAFESEH 映像是不安全的。
     1>vorbis_static_d.lib(envelope.obj) : error LNK2026: 模块对于 SAFESEH 映像是不安全的。
     1>vorbis_static_d.lib(smallft.obj) : error LNK2026: 模块对于 SAFESEH 映像是不安全的。
     1>vorbis_static_d.lib(mdct.obj) : error LNK2026: 模块对于 SAFESEH 映像是不安全的。
     1>vorbis_static_d.lib(lpc.obj) : error LNK2026: 模块对于 SAFESEH 映像是不安全的。
     1>vorbis_static_d.lib(window.obj) : error LNK2026: 模块对于 SAFESEH 映像是不安全的。
     1>vorbis_static_d.lib(mapping0.obj) : error LNK2026: 模块对于 SAFESEH 映像是不安全的。
     1>vorbis_static_d.lib(res0.obj) : error LNK2026: 模块对于 SAFESEH 映像是不安全的。
     1>vorbis_static_d.lib(floor1.obj) : error LNK2026: 模块对于 SAFESEH 映像是不安全的。
     1>vorbis_static_d.lib(floor0.obj) : error LNK2026: 模块对于 SAFESEH 映像是不安全的。
     1>vorbis_static_d.lib(lsp.obj) : error LNK2026: 模块对于 SAFESEH 映像是不安全的。
     1>libtheora_static_d.lib(apiwrapper.obj) : error LNK2026: 模块对于 SAFESEH 映像是不安全的。
     1>libtheora_static_d.lib(decapiwrapper.obj) : error LNK2026: 模块对于 SAFESEH 映像是不安全的。
     1>libtheora_static_d.lib(internal.obj) : error LNK2026: 模块对于 SAFESEH 映像是不安全的。
     1>libtheora_static_d.lib(info.obj) : error LNK2026: 模块对于 SAFESEH 映像是不安全的。
     1>libtheora_static_d.lib(decode.obj) : error LNK2026: 模块对于 SAFESEH 映像是不安全的。
     1>libtheora_static_d.lib(state.obj) : error LNK2026: 模块对于 SAFESEH 映像是不安全的。
     1>libtheora_static_d.lib(decinfo.obj) : error LNK2026: 模块对于 SAFESEH 映像是不安全的。
     1>libtheora_static_d.lib(quant.obj) : error LNK2026: 模块对于 SAFESEH 映像是不安全的。
     1>libtheora_static_d.lib(huffdec.obj) : error LNK2026: 模块对于 SAFESEH 映像是不安全的。
     1>libtheora_static_d.lib(fragment.obj) : error LNK2026: 模块对于 SAFESEH 映像是不安全的。
     1>libtheora_static_d.lib(bitpack.obj) : error LNK2026: 模块对于 SAFESEH 映像是不安全的。
     1>libtheora_static_d.lib(idct.obj) : error LNK2026: 模块对于 SAFESEH 映像是不安全的。
     1>libtheora_static_d.lib(dequant.obj) : error LNK2026: 模块对于 SAFESEH 映像是不安全的。
     1>ogg_static_d.lib(bitwise.obj) : error LNK2026: 模块对于 SAFESEH 映像是不安全的。
     1>E:\迅雷下载\project\2復\Debug\RyuJin.exe : fatal error LNK1281: 无法生成 SAFESEH 映像。
     1>已完成生成项目“E:\迅雷下载\project\2復\RyuJin.vcxproj”(Build 个目标)的操作 - 失败。

生成失败。

已用时间 00:00:08.11
