i:\vc2010工程文件\计算器系统\计算器系统\debug\计算器系统.pch
i:\vc2010工程文件\计算器系统\计算器系统\debug\stdafx.obj
i:\vc2010工程文件\计算器系统\计算器系统\debug\vc100.pdb
i:\vc2010工程文件\计算器系统\计算器系统\debug\计算器系统.obj
i:\vc2010工程文件\计算器系统\debug\计算器系统.ilk
i:\vc2010工程文件\计算器系统\debug\计算器系统.exe
i:\vc2010工程文件\计算器系统\计算器系统\debug\计算器系统.exe.intermediate.manifest
i:\vc2010工程文件\计算器系统\debug\计算器系统.pdb
i:\vc2010工程文件\计算器系统\计算器系统\debug\计算器系统.exe.embed.manifest
i:\vc2010工程文件\计算器系统\计算器系统\debug\计算器系统.res
i:\vc2010工程文件\计算器系统\计算器系统\debug\计算器系统.exe.embed.manifest.res
i:\vs2013工程文件\计算器系统\计算器系统\debug\计算器系统.pch
i:\vs2013工程文件\计算器系统\计算器系统\debug\vc120.pdb
i:\vs2013工程文件\计算器系统\计算器系统\debug\vc120.idb
i:\vs2013工程文件\计算器系统\计算器系统\debug\stdafx.obj
i:\vs2013工程文件\计算器系统\计算器系统\debug\计算器系统.obj
i:\vs2013工程文件\计算器系统\计算器系统\debug\计算器系统.res
i:\vs2013工程文件\计算器系统\计算器系统\debug\cl.command.1.tlog
i:\vs2013工程文件\计算器系统\计算器系统\debug\cl.read.1.tlog
i:\vs2013工程文件\计算器系统\计算器系统\debug\cl.write.1.tlog
i:\vs2013工程文件\计算器系统\计算器系统\debug\link-cvtres.read.1.tlog
i:\vs2013工程文件\计算器系统\计算器系统\debug\link-cvtres.write.1.tlog
i:\vs2013工程文件\计算器系统\计算器系统\debug\link.command.1.tlog
i:\vs2013工程文件\计算器系统\计算器系统\debug\link.read.1.tlog
i:\vs2013工程文件\计算器系统\计算器系统\debug\link.write.1.tlog
i:\vs2013工程文件\计算器系统\计算器系统\debug\mt.command.1.tlog
i:\vs2013工程文件\计算器系统\计算器系统\debug\mt.read.1.tlog
i:\vs2013工程文件\计算器系统\计算器系统\debug\mt.write.1.tlog
i:\vs2013工程文件\计算器系统\计算器系统\debug\rc.command.1.tlog
i:\vs2013工程文件\计算器系统\计算器系统\debug\rc.read.1.tlog
i:\vs2013工程文件\计算器系统\计算器系统\debug\rc.write.1.tlog
i:\vs2013工程文件\计算器系统\计算器系统\debug\计算器系统.write.1.tlog
i:\vs2013工程文件\计算器系统\计算器系统\debug\计算器系统.exe.embed.manifest
i:\vs2013工程文件\计算器系统\计算器系统\debug\计算器系统.exe.intermediate.manifest
i:\vs2013工程文件\计算器系统\计算器系统\debug\计算器系统.exe.embed.manifest.res
i:\vs2013工程文件\计算器系统\计算器系统\debug\vc100.idb
i:\vs2013工程文件\计算器系统\计算器系统\debug\vc100.pdb
i:\vs2013工程文件\计算器系统\计算器系统\debug\计算器系统_manifest.rc
i:\vs2013工程文件\计算器系统\debug\计算器系统.pdb
i:\vs2013工程文件\计算器系统\计算器系统\debug\计算器系统.tlog\cl.command.1.tlog
i:\vs2013工程文件\计算器系统\计算器系统\debug\计算器系统.tlog\cl.read.1.tlog
i:\vs2013工程文件\计算器系统\计算器系统\debug\计算器系统.tlog\cl.write.1.tlog
i:\vs2013工程文件\计算器系统\计算器系统\debug\计算器系统.tlog\link-cvtres.read.1.tlog
i:\vs2013工程文件\计算器系统\计算器系统\debug\计算器系统.tlog\link-cvtres.write.1.tlog
i:\vs2013工程文件\计算器系统\计算器系统\debug\计算器系统.tlog\link-rc.read.1.tlog
i:\vs2013工程文件\计算器系统\计算器系统\debug\计算器系统.tlog\link-rc.write.1.tlog
i:\vs2013工程文件\计算器系统\计算器系统\debug\计算器系统.tlog\link.command.1.tlog
i:\vs2013工程文件\计算器系统\计算器系统\debug\计算器系统.tlog\link.read.1.tlog
i:\vs2013工程文件\计算器系统\计算器系统\debug\计算器系统.tlog\link.write.1.tlog
i:\vs2013工程文件\计算器系统\计算器系统\debug\计算器系统.tlog\rc.command.1.tlog
i:\vs2013工程文件\计算器系统\计算器系统\debug\计算器系统.tlog\rc.read.1.tlog
i:\vs2013工程文件\计算器系统\计算器系统\debug\计算器系统.tlog\rc.write.1.tlog
