i:\vs2013工程文件\kmdf driver2\x64\win8debug\kmdfdriver2.sys
i:\vs2013工程文件\kmdf driver2\kmdf driver2\x64\win8debug\ndisedge.inf
i:\vs2013工程文件\kmdf driver2\kmdf driver2\x64\win8debug\vc120.pdb
i:\vs2013工程文件\kmdf driver2\kmdf driver2\x64\win8debug\源.obj
i:\vs2013工程文件\kmdf driver2\x64\win8debug\kmdfdriver2.pdb
i:\vs2013工程文件\kmdf driver2\x64\win8debug\kmdfdriver2.cer
i:\vs2013工程文件\kmdf driver2\kmdf driver2\x64\win8debug\signtool.command.1.tlog
i:\vs2013工程文件\kmdf driver2\kmdf driver2\x64\win8debug\signtool.read.1.tlog
i:\vs2013工程文件\kmdf driver2\kmdf driver2\x64\win8debug\signtool.write.1.tlog
i:\vs2013工程文件\kmdf driver2\kmdf driver2\x64\win8debug\stampinf.command.1.tlog
i:\vs2013工程文件\kmdf driver2\kmdf driver2\x64\win8debug\stampinf.read.1.tlog
i:\vs2013工程文件\kmdf driver2\kmdf driver2\x64\win8debug\stampinf.write.1.tlog
i:\vs2013工程文件\kmdf driver2\kmdf driver2\x64\win8debug\tracewpp.command.1.tlog
i:\vs2013工程文件\kmdf driver2\kmdf driver2\x64\win8debug\tracewpp.read.1.tlog
i:\vs2013工程文件\kmdf driver2\kmdf driver2\x64\win8debug\kmdf driver2.tlog\cl.command.1.tlog
i:\vs2013工程文件\kmdf driver2\kmdf driver2\x64\win8debug\kmdf driver2.tlog\cl.read.1.tlog
i:\vs2013工程文件\kmdf driver2\kmdf driver2\x64\win8debug\kmdf driver2.tlog\cl.write.1.tlog
i:\vs2013工程文件\kmdf driver2\kmdf driver2\x64\win8debug\kmdf driver2.tlog\link.command.1.tlog
i:\vs2013工程文件\kmdf driver2\kmdf driver2\x64\win8debug\kmdf driver2.tlog\link.read.1.tlog
i:\vs2013工程文件\kmdf driver2\kmdf driver2\x64\win8debug\kmdf driver2.tlog\link.write.1.tlog
