e:\vs2013工程文件\ndis 6.30\my ndis 6.0\x64\debug\vc140.pdb
e:\vs2013工程文件\ndis 6.30\my ndis 6.0\x64\debug\init.obj
e:\vs2013工程文件\ndis 6.30\my ndis 6.0\x64\debug\filter.obj
e:\vs2013工程文件\ndis 6.30\x64\debug\zlzndislwf.sys
e:\vs2013工程文件\ndis 6.30\x64\debug\zlzndislwf.pdb
e:\vs2013工程文件\ndis 6.30\my ndis 6.0\x64\debug\mydriver7.inf
e:\vs2013工程文件\ndis 6.30\x64\debug\zlzndislwf.cer
e:\vs2013工程文件\ndis 6.30\my ndis 6.0\x64\debug\my ndis 6.0.tlog\cl.command.1.tlog
e:\vs2013工程文件\ndis 6.30\my ndis 6.0\x64\debug\my ndis 6.0.tlog\cl.read.1.tlog
e:\vs2013工程文件\ndis 6.30\my ndis 6.0\x64\debug\my ndis 6.0.tlog\cl.write.1.tlog
e:\vs2013工程文件\ndis 6.30\my ndis 6.0\x64\debug\my ndis 6.0.tlog\link.command.1.tlog
e:\vs2013工程文件\ndis 6.30\my ndis 6.0\x64\debug\my ndis 6.0.tlog\link.read.1.tlog
e:\vs2013工程文件\ndis 6.30\my ndis 6.0\x64\debug\my ndis 6.0.tlog\link.write.1.tlog
e:\vs2013工程文件\ndis 6.30\my ndis 6.0\x64\debug\my ndis 6.0.tlog\signtool.command.1.tlog
e:\vs2013工程文件\ndis 6.30\my ndis 6.0\x64\debug\my ndis 6.0.tlog\signtool.read.1.tlog
e:\vs2013工程文件\ndis 6.30\my ndis 6.0\x64\debug\my ndis 6.0.tlog\signtool.timestamp.1.tlog
e:\vs2013工程文件\ndis 6.30\my ndis 6.0\x64\debug\my ndis 6.0.tlog\signtool.write.1.tlog
e:\vs2013工程文件\ndis 6.30\my ndis 6.0\x64\debug\my ndis 6.0.tlog\stampinf.command.1.tlog
e:\vs2013工程文件\ndis 6.30\my ndis 6.0\x64\debug\my ndis 6.0.tlog\stampinf.read.1.tlog
e:\vs2013工程文件\ndis 6.30\my ndis 6.0\x64\debug\my ndis 6.0.tlog\stampinf.write.1.tlog
