i:\vs2013工程文件\kmdf driver2\kmdf driver2 package\x64\win8debug\inf2cat-expand.10020.read.1.tlog
i:\vs2013工程文件\kmdf driver2\kmdf driver2 package\x64\win8debug\inf2cat-expand.10020.write.1.tlog
i:\vs2013工程文件\kmdf driver2\kmdf driver2 package\x64\win8debug\inf2cat-expand.10112.read.1.tlog
i:\vs2013工程文件\kmdf driver2\kmdf driver2 package\x64\win8debug\inf2cat-expand.10112.write.1.tlog
i:\vs2013工程文件\kmdf driver2\kmdf driver2 package\x64\win8debug\inf2cat-expand.10128.read.1.tlog
i:\vs2013工程文件\kmdf driver2\kmdf driver2 package\x64\win8debug\inf2cat-expand.10128.write.1.tlog
i:\vs2013工程文件\kmdf driver2\kmdf driver2 package\x64\win8debug\inf2cat-expand.10144.read.1.tlog
i:\vs2013工程文件\kmdf driver2\kmdf driver2 package\x64\win8debug\inf2cat-expand.10144.write.1.tlog
i:\vs2013工程文件\kmdf driver2\kmdf driver2 package\x64\win8debug\inf2cat-expand.10168.read.1.tlog
i:\vs2013工程文件\kmdf driver2\kmdf driver2 package\x64\win8debug\inf2cat-expand.10168.write.1.tlog
i:\vs2013工程文件\kmdf driver2\kmdf driver2 package\x64\win8debug\inf2cat-expand.10172.read.1.tlog
i:\vs2013工程文件\kmdf driver2\kmdf driver2 package\x64\win8debug\inf2cat-expand.10172.write.1.tlog
i:\vs2013工程文件\kmdf driver2\kmdf driver2 package\x64\win8debug\inf2cat-expand.10188.read.1.tlog
i:\vs2013工程文件\kmdf driver2\kmdf driver2 package\x64\win8debug\inf2cat-expand.10188.write.1.tlog
i:\vs2013工程文件\kmdf driver2\kmdf driver2 package\x64\win8debug\inf2cat-expand.10356.read.1.tlog
i:\vs2013工程文件\kmdf driver2\kmdf driver2 package\x64\win8debug\inf2cat-expand.10356.write.1.tlog
i:\vs2013工程文件\kmdf driver2\kmdf driver2 package\x64\win8debug\inf2cat-expand.10512.read.1.tlog
i:\vs2013工程文件\kmdf driver2\kmdf driver2 package\x64\win8debug\inf2cat-expand.10512.write.1.tlog
i:\vs2013工程文件\kmdf driver2\kmdf driver2 package\x64\win8debug\inf2cat-expand.10544.read.1.tlog
i:\vs2013工程文件\kmdf driver2\kmdf driver2 package\x64\win8debug\inf2cat-expand.10544.write.1.tlog
i:\vs2013工程文件\kmdf driver2\kmdf driver2 package\x64\win8debug\inf2cat-expand.10612.read.1.tlog
i:\vs2013工程文件\kmdf driver2\kmdf driver2 package\x64\win8debug\inf2cat-expand.10612.write.1.tlog
i:\vs2013工程文件\kmdf driver2\kmdf driver2 package\x64\win8debug\inf2cat-expand.10652.read.1.tlog
i:\vs2013工程文件\kmdf driver2\kmdf driver2 package\x64\win8debug\inf2cat-expand.10652.write.1.tlog
i:\vs2013工程文件\kmdf driver2\kmdf driver2 package\x64\win8debug\inf2cat-expand.10728.read.1.tlog
i:\vs2013工程文件\kmdf driver2\kmdf driver2 package\x64\win8debug\inf2cat-expand.10728.write.1.tlog
i:\vs2013工程文件\kmdf driver2\kmdf driver2 package\x64\win8debug\inf2cat-expand.10952.read.1.tlog
i:\vs2013工程文件\kmdf driver2\kmdf driver2 package\x64\win8debug\inf2cat-expand.10952.write.1.tlog
i:\vs2013工程文件\kmdf driver2\kmdf driver2 package\x64\win8debug\inf2cat-expand.11008.read.1.tlog
i:\vs2013工程文件\kmdf driver2\kmdf driver2 package\x64\win8debug\inf2cat-expand.11008.write.1.tlog
i:\vs2013工程文件\kmdf driver2\kmdf driver2 package\x64\win8debug\inf2cat-expand.11088.read.1.tlog
i:\vs2013工程文件\kmdf driver2\kmdf driver2 package\x64\win8debug\inf2cat-expand.11088.write.1.tlog
i:\vs2013工程文件\kmdf driver2\kmdf driver2 package\x64\win8debug\inf2cat-expand.11204.read.1.tlog
i:\vs2013工程文件\kmdf driver2\kmdf driver2 package\x64\win8debug\inf2cat-expand.11204.write.1.tlog
i:\vs2013工程文件\kmdf driver2\kmdf driver2 package\x64\win8debug\inf2cat-expand.11364.read.1.tlog
i:\vs2013工程文件\kmdf driver2\kmdf driver2 package\x64\win8debug\inf2cat-expand.11364.write.1.tlog
i:\vs2013工程文件\kmdf driver2\kmdf driver2 package\x64\win8debug\inf2cat-expand.11384.read.1.tlog
i:\vs2013工程文件\kmdf driver2\kmdf driver2 package\x64\win8debug\inf2cat-expand.11384.write.1.tlog
i:\vs2013工程文件\kmdf driver2\kmdf driver2 package\x64\win8debug\inf2cat-expand.11440.read.1.tlog
i:\vs2013工程文件\kmdf driver2\kmdf driver2 package\x64\win8debug\inf2cat-expand.11440.write.1.tlog
i:\vs2013工程文件\kmdf driver2\kmdf driver2 package\x64\win8debug\inf2cat-expand.11444.read.1.tlog
i:\vs2013工程文件\kmdf driver2\kmdf driver2 package\x64\win8debug\inf2cat-expand.11444.write.1.tlog
i:\vs2013工程文件\kmdf driver2\kmdf driver2 package\x64\win8debug\inf2cat-expand.11492.read.1.tlog
i:\vs2013工程文件\kmdf driver2\kmdf driver2 package\x64\win8debug\inf2cat-expand.11492.write.1.tlog
i:\vs2013工程文件\kmdf driver2\kmdf driver2 package\x64\win8debug\inf2cat-expand.11524.read.1.tlog
i:\vs2013工程文件\kmdf driver2\kmdf driver2 package\x64\win8debug\inf2cat-expand.11524.write.1.tlog
i:\vs2013工程文件\kmdf driver2\kmdf driver2 package\x64\win8debug\inf2cat-expand.11648.read.1.tlog
i:\vs2013工程文件\kmdf driver2\kmdf driver2 package\x64\win8debug\inf2cat-expand.11648.write.1.tlog
i:\vs2013工程文件\kmdf driver2\kmdf driver2 package\x64\win8debug\inf2cat-expand.11680.read.1.tlog
i:\vs2013工程文件\kmdf driver2\kmdf driver2 package\x64\win8debug\inf2cat-expand.11680.write.1.tlog
i:\vs2013工程文件\kmdf driver2\kmdf driver2 package\x64\win8debug\inf2cat-expand.11684.read.1.tlog
i:\vs2013工程文件\kmdf driver2\kmdf driver2 package\x64\win8debug\inf2cat-expand.11684.write.1.tlog
i:\vs2013工程文件\kmdf driver2\kmdf driver2 package\x64\win8debug\inf2cat-expand.11792.read.1.tlog
i:\vs2013工程文件\kmdf driver2\kmdf driver2 package\x64\win8debug\inf2cat-expand.11792.write.1.tlog
i:\vs2013工程文件\kmdf driver2\kmdf driver2 package\x64\win8debug\inf2cat-expand.11808.read.1.tlog
i:\vs2013工程文件\kmdf driver2\kmdf driver2 package\x64\win8debug\inf2cat-expand.11808.write.1.tlog
i:\vs2013工程文件\kmdf driver2\kmdf driver2 package\x64\win8debug\inf2cat-expand.11836.read.1.tlog
i:\vs2013工程文件\kmdf driver2\kmdf driver2 package\x64\win8debug\inf2cat-expand.11836.write.1.tlog
i:\vs2013工程文件\kmdf driver2\kmdf driver2 package\x64\win8debug\inf2cat-expand.11872.read.1.tlog
i:\vs2013工程文件\kmdf driver2\kmdf driver2 package\x64\win8debug\inf2cat-expand.11872.write.1.tlog
i:\vs2013工程文件\kmdf driver2\kmdf driver2 package\x64\win8debug\inf2cat-expand.11924.read.1.tlog
i:\vs2013工程文件\kmdf driver2\kmdf driver2 package\x64\win8debug\inf2cat-expand.11924.write.1.tlog
i:\vs2013工程文件\kmdf driver2\kmdf driver2 package\x64\win8debug\inf2cat-expand.11940.read.1.tlog
i:\vs2013工程文件\kmdf driver2\kmdf driver2 package\x64\win8debug\inf2cat-expand.11940.write.1.tlog
i:\vs2013工程文件\kmdf driver2\kmdf driver2 package\x64\win8debug\inf2cat-expand.11956.read.1.tlog
i:\vs2013工程文件\kmdf driver2\kmdf driver2 package\x64\win8debug\inf2cat-expand.11956.write.1.tlog
i:\vs2013工程文件\kmdf driver2\kmdf driver2 package\x64\win8debug\inf2cat-expand.11992.read.1.tlog
i:\vs2013工程文件\kmdf driver2\kmdf driver2 package\x64\win8debug\inf2cat-expand.11992.write.1.tlog
i:\vs2013工程文件\kmdf driver2\kmdf driver2 package\x64\win8debug\inf2cat-expand.12044.read.1.tlog
i:\vs2013工程文件\kmdf driver2\kmdf driver2 package\x64\win8debug\inf2cat-expand.12044.write.1.tlog
i:\vs2013工程文件\kmdf driver2\kmdf driver2 package\x64\win8debug\inf2cat-expand.12088.read.1.tlog
i:\vs2013工程文件\kmdf driver2\kmdf driver2 package\x64\win8debug\inf2cat-expand.12088.write.1.tlog
i:\vs2013工程文件\kmdf driver2\kmdf driver2 package\x64\win8debug\inf2cat-expand.12124.read.1.tlog
i:\vs2013工程文件\kmdf driver2\kmdf driver2 package\x64\win8debug\inf2cat-expand.12124.write.1.tlog
i:\vs2013工程文件\kmdf driver2\kmdf driver2 package\x64\win8debug\inf2cat-expand.12208.read.1.tlog
i:\vs2013工程文件\kmdf driver2\kmdf driver2 package\x64\win8debug\inf2cat-expand.12208.write.1.tlog
i:\vs2013工程文件\kmdf driver2\kmdf driver2 package\x64\win8debug\inf2cat-expand.12220.read.1.tlog
i:\vs2013工程文件\kmdf driver2\kmdf driver2 package\x64\win8debug\inf2cat-expand.12220.write.1.tlog
i:\vs2013工程文件\kmdf driver2\kmdf driver2 package\x64\win8debug\inf2cat-expand.12268.read.1.tlog
i:\vs2013工程文件\kmdf driver2\kmdf driver2 package\x64\win8debug\inf2cat-expand.12268.write.1.tlog
i:\vs2013工程文件\kmdf driver2\kmdf driver2 package\x64\win8debug\inf2cat-expand.12320.read.1.tlog
i:\vs2013工程文件\kmdf driver2\kmdf driver2 package\x64\win8debug\inf2cat-expand.12320.write.1.tlog
i:\vs2013工程文件\kmdf driver2\kmdf driver2 package\x64\win8debug\inf2cat-expand.12496.read.1.tlog
i:\vs2013工程文件\kmdf driver2\kmdf driver2 package\x64\win8debug\inf2cat-expand.12496.write.1.tlog
i:\vs2013工程文件\kmdf driver2\kmdf driver2 package\x64\win8debug\inf2cat-expand.12556.read.1.tlog
i:\vs2013工程文件\kmdf driver2\kmdf driver2 package\x64\win8debug\inf2cat-expand.12556.write.1.tlog
i:\vs2013工程文件\kmdf driver2\kmdf driver2 package\x64\win8debug\inf2cat-expand.12572.read.1.tlog
i:\vs2013工程文件\kmdf driver2\kmdf driver2 package\x64\win8debug\inf2cat-expand.12572.write.1.tlog
i:\vs2013工程文件\kmdf driver2\kmdf driver2 package\x64\win8debug\inf2cat-expand.12588.read.1.tlog
i:\vs2013工程文件\kmdf driver2\kmdf driver2 package\x64\win8debug\inf2cat-expand.12588.write.1.tlog
i:\vs2013工程文件\kmdf driver2\kmdf driver2 package\x64\win8debug\inf2cat-expand.12924.read.1.tlog
i:\vs2013工程文件\kmdf driver2\kmdf driver2 package\x64\win8debug\inf2cat-expand.12924.write.1.tlog
i:\vs2013工程文件\kmdf driver2\kmdf driver2 package\x64\win8debug\inf2cat-expand.12960.read.1.tlog
i:\vs2013工程文件\kmdf driver2\kmdf driver2 package\x64\win8debug\inf2cat-expand.12960.write.1.tlog
i:\vs2013工程文件\kmdf driver2\kmdf driver2 package\x64\win8debug\inf2cat-expand.12980.read.1.tlog
i:\vs2013工程文件\kmdf driver2\kmdf driver2 package\x64\win8debug\inf2cat-expand.12980.write.1.tlog
i:\vs2013工程文件\kmdf driver2\kmdf driver2 package\x64\win8debug\inf2cat-expand.13000.read.1.tlog
i:\vs2013工程文件\kmdf driver2\kmdf driver2 package\x64\win8debug\inf2cat-expand.13000.write.1.tlog
i:\vs2013工程文件\kmdf driver2\kmdf driver2 package\x64\win8debug\inf2cat-expand.13196.read.1.tlog
i:\vs2013工程文件\kmdf driver2\kmdf driver2 package\x64\win8debug\inf2cat-expand.13196.write.1.tlog
i:\vs2013工程文件\kmdf driver2\kmdf driver2 package\x64\win8debug\inf2cat-expand.13360.read.1.tlog
i:\vs2013工程文件\kmdf driver2\kmdf driver2 package\x64\win8debug\inf2cat-expand.13360.write.1.tlog
i:\vs2013工程文件\kmdf driver2\kmdf driver2 package\x64\win8debug\inf2cat-expand.13372.read.1.tlog
i:\vs2013工程文件\kmdf driver2\kmdf driver2 package\x64\win8debug\inf2cat-expand.13372.write.1.tlog
i:\vs2013工程文件\kmdf driver2\kmdf driver2 package\x64\win8debug\inf2cat-expand.13560.read.1.tlog
i:\vs2013工程文件\kmdf driver2\kmdf driver2 package\x64\win8debug\inf2cat-expand.13560.write.1.tlog
i:\vs2013工程文件\kmdf driver2\kmdf driver2 package\x64\win8debug\inf2cat-expand.13668.read.1.tlog
i:\vs2013工程文件\kmdf driver2\kmdf driver2 package\x64\win8debug\inf2cat-expand.13668.write.1.tlog
i:\vs2013工程文件\kmdf driver2\kmdf driver2 package\x64\win8debug\inf2cat-expand.13744.read.1.tlog
i:\vs2013工程文件\kmdf driver2\kmdf driver2 package\x64\win8debug\inf2cat-expand.13744.write.1.tlog
i:\vs2013工程文件\kmdf driver2\kmdf driver2 package\x64\win8debug\inf2cat-expand.13776.read.1.tlog
i:\vs2013工程文件\kmdf driver2\kmdf driver2 package\x64\win8debug\inf2cat-expand.13776.write.1.tlog
i:\vs2013工程文件\kmdf driver2\kmdf driver2 package\x64\win8debug\inf2cat-expand.13952.read.1.tlog
i:\vs2013工程文件\kmdf driver2\kmdf driver2 package\x64\win8debug\inf2cat-expand.13952.write.1.tlog
i:\vs2013工程文件\kmdf driver2\kmdf driver2 package\x64\win8debug\inf2cat-expand.13960.read.1.tlog
i:\vs2013工程文件\kmdf driver2\kmdf driver2 package\x64\win8debug\inf2cat-expand.13960.write.1.tlog
i:\vs2013工程文件\kmdf driver2\kmdf driver2 package\x64\win8debug\inf2cat-expand.14240.read.1.tlog
i:\vs2013工程文件\kmdf driver2\kmdf driver2 package\x64\win8debug\inf2cat-expand.14240.write.1.tlog
i:\vs2013工程文件\kmdf driver2\kmdf driver2 package\x64\win8debug\inf2cat-expand.14344.read.1.tlog
i:\vs2013工程文件\kmdf driver2\kmdf driver2 package\x64\win8debug\inf2cat-expand.14344.write.1.tlog
i:\vs2013工程文件\kmdf driver2\kmdf driver2 package\x64\win8debug\inf2cat-expand.14512.read.1.tlog
i:\vs2013工程文件\kmdf driver2\kmdf driver2 package\x64\win8debug\inf2cat-expand.14512.write.1.tlog
i:\vs2013工程文件\kmdf driver2\kmdf driver2 package\x64\win8debug\inf2cat-expand.14532.read.1.tlog
i:\vs2013工程文件\kmdf driver2\kmdf driver2 package\x64\win8debug\inf2cat-expand.14532.write.1.tlog
i:\vs2013工程文件\kmdf driver2\kmdf driver2 package\x64\win8debug\inf2cat-expand.14592.read.1.tlog
i:\vs2013工程文件\kmdf driver2\kmdf driver2 package\x64\win8debug\inf2cat-expand.14592.write.1.tlog
i:\vs2013工程文件\kmdf driver2\kmdf driver2 package\x64\win8debug\inf2cat-expand.14624.read.1.tlog
i:\vs2013工程文件\kmdf driver2\kmdf driver2 package\x64\win8debug\inf2cat-expand.14624.write.1.tlog
i:\vs2013工程文件\kmdf driver2\kmdf driver2 package\x64\win8debug\inf2cat-expand.14664.read.1.tlog
i:\vs2013工程文件\kmdf driver2\kmdf driver2 package\x64\win8debug\inf2cat-expand.14664.write.1.tlog
i:\vs2013工程文件\kmdf driver2\kmdf driver2 package\x64\win8debug\inf2cat-expand.14672.read.1.tlog
i:\vs2013工程文件\kmdf driver2\kmdf driver2 package\x64\win8debug\inf2cat-expand.14672.write.1.tlog
i:\vs2013工程文件\kmdf driver2\kmdf driver2 package\x64\win8debug\inf2cat-expand.14724.read.1.tlog
i:\vs2013工程文件\kmdf driver2\kmdf driver2 package\x64\win8debug\inf2cat-expand.14724.write.1.tlog
i:\vs2013工程文件\kmdf driver2\kmdf driver2 package\x64\win8debug\inf2cat-expand.15144.read.1.tlog
i:\vs2013工程文件\kmdf driver2\kmdf driver2 package\x64\win8debug\inf2cat-expand.15144.write.1.tlog
i:\vs2013工程文件\kmdf driver2\kmdf driver2 package\x64\win8debug\inf2cat-expand.1516.read.1.tlog
i:\vs2013工程文件\kmdf driver2\kmdf driver2 package\x64\win8debug\inf2cat-expand.1516.write.1.tlog
i:\vs2013工程文件\kmdf driver2\kmdf driver2 package\x64\win8debug\inf2cat-expand.15372.read.1.tlog
i:\vs2013工程文件\kmdf driver2\kmdf driver2 package\x64\win8debug\inf2cat-expand.15372.write.1.tlog
i:\vs2013工程文件\kmdf driver2\kmdf driver2 package\x64\win8debug\inf2cat-expand.15404.read.1.tlog
i:\vs2013工程文件\kmdf driver2\kmdf driver2 package\x64\win8debug\inf2cat-expand.15404.write.1.tlog
i:\vs2013工程文件\kmdf driver2\kmdf driver2 package\x64\win8debug\inf2cat-expand.15416.read.1.tlog
i:\vs2013工程文件\kmdf driver2\kmdf driver2 package\x64\win8debug\inf2cat-expand.15416.write.1.tlog
i:\vs2013工程文件\kmdf driver2\kmdf driver2 package\x64\win8debug\inf2cat-expand.15468.read.1.tlog
i:\vs2013工程文件\kmdf driver2\kmdf driver2 package\x64\win8debug\inf2cat-expand.15468.write.1.tlog
i:\vs2013工程文件\kmdf driver2\kmdf driver2 package\x64\win8debug\inf2cat-expand.15484.read.1.tlog
i:\vs2013工程文件\kmdf driver2\kmdf driver2 package\x64\win8debug\inf2cat-expand.15484.write.1.tlog
i:\vs2013工程文件\kmdf driver2\kmdf driver2 package\x64\win8debug\inf2cat-expand.15496.read.1.tlog
i:\vs2013工程文件\kmdf driver2\kmdf driver2 package\x64\win8debug\inf2cat-expand.15496.write.1.tlog
i:\vs2013工程文件\kmdf driver2\kmdf driver2 package\x64\win8debug\inf2cat-expand.15512.read.1.tlog
i:\vs2013工程文件\kmdf driver2\kmdf driver2 package\x64\win8debug\inf2cat-expand.15512.write.1.tlog
i:\vs2013工程文件\kmdf driver2\kmdf driver2 package\x64\win8debug\inf2cat-expand.15716.read.1.tlog
i:\vs2013工程文件\kmdf driver2\kmdf driver2 package\x64\win8debug\inf2cat-expand.15716.write.1.tlog
i:\vs2013工程文件\kmdf driver2\kmdf driver2 package\x64\win8debug\inf2cat-expand.15724.read.1.tlog
i:\vs2013工程文件\kmdf driver2\kmdf driver2 package\x64\win8debug\inf2cat-expand.15724.write.1.tlog
i:\vs2013工程文件\kmdf driver2\kmdf driver2 package\x64\win8debug\inf2cat-expand.15916.read.1.tlog
i:\vs2013工程文件\kmdf driver2\kmdf driver2 package\x64\win8debug\inf2cat-expand.15916.write.1.tlog
i:\vs2013工程文件\kmdf driver2\kmdf driver2 package\x64\win8debug\inf2cat-expand.16016.read.1.tlog
i:\vs2013工程文件\kmdf driver2\kmdf driver2 package\x64\win8debug\inf2cat-expand.16016.write.1.tlog
i:\vs2013工程文件\kmdf driver2\kmdf driver2 package\x64\win8debug\inf2cat-expand.16224.read.1.tlog
i:\vs2013工程文件\kmdf driver2\kmdf driver2 package\x64\win8debug\inf2cat-expand.16224.write.1.tlog
i:\vs2013工程文件\kmdf driver2\kmdf driver2 package\x64\win8debug\inf2cat-expand.16240.read.1.tlog
i:\vs2013工程文件\kmdf driver2\kmdf driver2 package\x64\win8debug\inf2cat-expand.16240.write.1.tlog
i:\vs2013工程文件\kmdf driver2\kmdf driver2 package\x64\win8debug\inf2cat-expand.16332.read.1.tlog
i:\vs2013工程文件\kmdf driver2\kmdf driver2 package\x64\win8debug\inf2cat-expand.16332.write.1.tlog
i:\vs2013工程文件\kmdf driver2\kmdf driver2 package\x64\win8debug\inf2cat-expand.16336.read.1.tlog
i:\vs2013工程文件\kmdf driver2\kmdf driver2 package\x64\win8debug\inf2cat-expand.16336.write.1.tlog
i:\vs2013工程文件\kmdf driver2\kmdf driver2 package\x64\win8debug\inf2cat-expand.16448.read.1.tlog
i:\vs2013工程文件\kmdf driver2\kmdf driver2 package\x64\win8debug\inf2cat-expand.16448.write.1.tlog
i:\vs2013工程文件\kmdf driver2\kmdf driver2 package\x64\win8debug\inf2cat-expand.16876.read.1.tlog
i:\vs2013工程文件\kmdf driver2\kmdf driver2 package\x64\win8debug\inf2cat-expand.16876.write.1.tlog
i:\vs2013工程文件\kmdf driver2\kmdf driver2 package\x64\win8debug\inf2cat-expand.17112.read.1.tlog
i:\vs2013工程文件\kmdf driver2\kmdf driver2 package\x64\win8debug\inf2cat-expand.17112.write.1.tlog
i:\vs2013工程文件\kmdf driver2\kmdf driver2 package\x64\win8debug\inf2cat-expand.17992.read.1.tlog
i:\vs2013工程文件\kmdf driver2\kmdf driver2 package\x64\win8debug\inf2cat-expand.17992.write.1.tlog
i:\vs2013工程文件\kmdf driver2\kmdf driver2 package\x64\win8debug\inf2cat-expand.1868.read.1.tlog
i:\vs2013工程文件\kmdf driver2\kmdf driver2 package\x64\win8debug\inf2cat-expand.1868.write.1.tlog
i:\vs2013工程文件\kmdf driver2\kmdf driver2 package\x64\win8debug\inf2cat-expand.1880.read.1.tlog
i:\vs2013工程文件\kmdf driver2\kmdf driver2 package\x64\win8debug\inf2cat-expand.1880.write.1.tlog
i:\vs2013工程文件\kmdf driver2\kmdf driver2 package\x64\win8debug\inf2cat-expand.2092.read.1.tlog
i:\vs2013工程文件\kmdf driver2\kmdf driver2 package\x64\win8debug\inf2cat-expand.2092.write.1.tlog
i:\vs2013工程文件\kmdf driver2\kmdf driver2 package\x64\win8debug\inf2cat-expand.2292.read.1.tlog
i:\vs2013工程文件\kmdf driver2\kmdf driver2 package\x64\win8debug\inf2cat-expand.2292.write.1.tlog
i:\vs2013工程文件\kmdf driver2\kmdf driver2 package\x64\win8debug\inf2cat-expand.2520.read.1.tlog
i:\vs2013工程文件\kmdf driver2\kmdf driver2 package\x64\win8debug\inf2cat-expand.2520.write.1.tlog
i:\vs2013工程文件\kmdf driver2\kmdf driver2 package\x64\win8debug\inf2cat-expand.2584.read.1.tlog
i:\vs2013工程文件\kmdf driver2\kmdf driver2 package\x64\win8debug\inf2cat-expand.2584.write.1.tlog
i:\vs2013工程文件\kmdf driver2\kmdf driver2 package\x64\win8debug\inf2cat-expand.2784.read.1.tlog
i:\vs2013工程文件\kmdf driver2\kmdf driver2 package\x64\win8debug\inf2cat-expand.2784.write.1.tlog
i:\vs2013工程文件\kmdf driver2\kmdf driver2 package\x64\win8debug\inf2cat-expand.3084.read.1.tlog
i:\vs2013工程文件\kmdf driver2\kmdf driver2 package\x64\win8debug\inf2cat-expand.3084.write.1.tlog
i:\vs2013工程文件\kmdf driver2\kmdf driver2 package\x64\win8debug\inf2cat-expand.3164.read.1.tlog
i:\vs2013工程文件\kmdf driver2\kmdf driver2 package\x64\win8debug\inf2cat-expand.3164.write.1.tlog
i:\vs2013工程文件\kmdf driver2\kmdf driver2 package\x64\win8debug\inf2cat-expand.3232.read.1.tlog
i:\vs2013工程文件\kmdf driver2\kmdf driver2 package\x64\win8debug\inf2cat-expand.3232.write.1.tlog
i:\vs2013工程文件\kmdf driver2\kmdf driver2 package\x64\win8debug\inf2cat-expand.3304.read.1.tlog
i:\vs2013工程文件\kmdf driver2\kmdf driver2 package\x64\win8debug\inf2cat-expand.3304.write.1.tlog
i:\vs2013工程文件\kmdf driver2\kmdf driver2 package\x64\win8debug\inf2cat-expand.352.read.1.tlog
i:\vs2013工程文件\kmdf driver2\kmdf driver2 package\x64\win8debug\inf2cat-expand.352.write.1.tlog
i:\vs2013工程文件\kmdf driver2\kmdf driver2 package\x64\win8debug\inf2cat-expand.3524.read.1.tlog
i:\vs2013工程文件\kmdf driver2\kmdf driver2 package\x64\win8debug\inf2cat-expand.3524.write.1.tlog
i:\vs2013工程文件\kmdf driver2\kmdf driver2 package\x64\win8debug\inf2cat-expand.3588.read.1.tlog
i:\vs2013工程文件\kmdf driver2\kmdf driver2 package\x64\win8debug\inf2cat-expand.3588.write.1.tlog
i:\vs2013工程文件\kmdf driver2\kmdf driver2 package\x64\win8debug\inf2cat-expand.3928.read.1.tlog
i:\vs2013工程文件\kmdf driver2\kmdf driver2 package\x64\win8debug\inf2cat-expand.3928.write.1.tlog
i:\vs2013工程文件\kmdf driver2\kmdf driver2 package\x64\win8debug\inf2cat-expand.4268.read.1.tlog
i:\vs2013工程文件\kmdf driver2\kmdf driver2 package\x64\win8debug\inf2cat-expand.4268.write.1.tlog
i:\vs2013工程文件\kmdf driver2\kmdf driver2 package\x64\win8debug\inf2cat-expand.436.read.1.tlog
i:\vs2013工程文件\kmdf driver2\kmdf driver2 package\x64\win8debug\inf2cat-expand.436.write.1.tlog
i:\vs2013工程文件\kmdf driver2\kmdf driver2 package\x64\win8debug\inf2cat-expand.4412.read.1.tlog
i:\vs2013工程文件\kmdf driver2\kmdf driver2 package\x64\win8debug\inf2cat-expand.4412.write.1.tlog
i:\vs2013工程文件\kmdf driver2\kmdf driver2 package\x64\win8debug\inf2cat-expand.4432.read.1.tlog
i:\vs2013工程文件\kmdf driver2\kmdf driver2 package\x64\win8debug\inf2cat-expand.4432.write.1.tlog
i:\vs2013工程文件\kmdf driver2\kmdf driver2 package\x64\win8debug\inf2cat-expand.460.read.1.tlog
i:\vs2013工程文件\kmdf driver2\kmdf driver2 package\x64\win8debug\inf2cat-expand.460.write.1.tlog
i:\vs2013工程文件\kmdf driver2\kmdf driver2 package\x64\win8debug\inf2cat-expand.4644.read.1.tlog
i:\vs2013工程文件\kmdf driver2\kmdf driver2 package\x64\win8debug\inf2cat-expand.4644.write.1.tlog
i:\vs2013工程文件\kmdf driver2\kmdf driver2 package\x64\win8debug\inf2cat-expand.4764.read.1.tlog
i:\vs2013工程文件\kmdf driver2\kmdf driver2 package\x64\win8debug\inf2cat-expand.4764.write.1.tlog
i:\vs2013工程文件\kmdf driver2\kmdf driver2 package\x64\win8debug\inf2cat-expand.4888.read.1.tlog
i:\vs2013工程文件\kmdf driver2\kmdf driver2 package\x64\win8debug\inf2cat-expand.4888.write.1.tlog
i:\vs2013工程文件\kmdf driver2\kmdf driver2 package\x64\win8debug\inf2cat-expand.4900.read.1.tlog
i:\vs2013工程文件\kmdf driver2\kmdf driver2 package\x64\win8debug\inf2cat-expand.4900.write.1.tlog
i:\vs2013工程文件\kmdf driver2\kmdf driver2 package\x64\win8debug\inf2cat-expand.5032.read.1.tlog
i:\vs2013工程文件\kmdf driver2\kmdf driver2 package\x64\win8debug\inf2cat-expand.5032.write.1.tlog
i:\vs2013工程文件\kmdf driver2\kmdf driver2 package\x64\win8debug\inf2cat-expand.5136.read.1.tlog
i:\vs2013工程文件\kmdf driver2\kmdf driver2 package\x64\win8debug\inf2cat-expand.5136.write.1.tlog
i:\vs2013工程文件\kmdf driver2\kmdf driver2 package\x64\win8debug\inf2cat-expand.5148.read.1.tlog
i:\vs2013工程文件\kmdf driver2\kmdf driver2 package\x64\win8debug\inf2cat-expand.5148.write.1.tlog
i:\vs2013工程文件\kmdf driver2\kmdf driver2 package\x64\win8debug\inf2cat-expand.5260.read.1.tlog
i:\vs2013工程文件\kmdf driver2\kmdf driver2 package\x64\win8debug\inf2cat-expand.5260.write.1.tlog
i:\vs2013工程文件\kmdf driver2\kmdf driver2 package\x64\win8debug\inf2cat-expand.5320.read.1.tlog
i:\vs2013工程文件\kmdf driver2\kmdf driver2 package\x64\win8debug\inf2cat-expand.5320.write.1.tlog
i:\vs2013工程文件\kmdf driver2\kmdf driver2 package\x64\win8debug\inf2cat-expand.5460.read.1.tlog
i:\vs2013工程文件\kmdf driver2\kmdf driver2 package\x64\win8debug\inf2cat-expand.5460.write.1.tlog
i:\vs2013工程文件\kmdf driver2\kmdf driver2 package\x64\win8debug\inf2cat-expand.5524.read.1.tlog
i:\vs2013工程文件\kmdf driver2\kmdf driver2 package\x64\win8debug\inf2cat-expand.5524.write.1.tlog
i:\vs2013工程文件\kmdf driver2\kmdf driver2 package\x64\win8debug\inf2cat-expand.5584.read.1.tlog
i:\vs2013工程文件\kmdf driver2\kmdf driver2 package\x64\win8debug\inf2cat-expand.5584.write.1.tlog
i:\vs2013工程文件\kmdf driver2\kmdf driver2 package\x64\win8debug\inf2cat-expand.5624.read.1.tlog
i:\vs2013工程文件\kmdf driver2\kmdf driver2 package\x64\win8debug\inf2cat-expand.5624.write.1.tlog
i:\vs2013工程文件\kmdf driver2\kmdf driver2 package\x64\win8debug\inf2cat-expand.5924.read.1.tlog
i:\vs2013工程文件\kmdf driver2\kmdf driver2 package\x64\win8debug\inf2cat-expand.5924.write.1.tlog
i:\vs2013工程文件\kmdf driver2\kmdf driver2 package\x64\win8debug\inf2cat-expand.5968.read.1.tlog
i:\vs2013工程文件\kmdf driver2\kmdf driver2 package\x64\win8debug\inf2cat-expand.5968.write.1.tlog
i:\vs2013工程文件\kmdf driver2\kmdf driver2 package\x64\win8debug\inf2cat-expand.5976.read.1.tlog
i:\vs2013工程文件\kmdf driver2\kmdf driver2 package\x64\win8debug\inf2cat-expand.5976.write.1.tlog
i:\vs2013工程文件\kmdf driver2\kmdf driver2 package\x64\win8debug\inf2cat-expand.6000.read.1.tlog
i:\vs2013工程文件\kmdf driver2\kmdf driver2 package\x64\win8debug\inf2cat-expand.6000.write.1.tlog
i:\vs2013工程文件\kmdf driver2\kmdf driver2 package\x64\win8debug\inf2cat-expand.6032.read.1.tlog
i:\vs2013工程文件\kmdf driver2\kmdf driver2 package\x64\win8debug\inf2cat-expand.6032.write.1.tlog
i:\vs2013工程文件\kmdf driver2\kmdf driver2 package\x64\win8debug\inf2cat-expand.6088.read.1.tlog
i:\vs2013工程文件\kmdf driver2\kmdf driver2 package\x64\win8debug\inf2cat-expand.6088.write.1.tlog
i:\vs2013工程文件\kmdf driver2\kmdf driver2 package\x64\win8debug\inf2cat-expand.6232.read.1.tlog
i:\vs2013工程文件\kmdf driver2\kmdf driver2 package\x64\win8debug\inf2cat-expand.6232.write.1.tlog
i:\vs2013工程文件\kmdf driver2\kmdf driver2 package\x64\win8debug\inf2cat-expand.6292.read.1.tlog
i:\vs2013工程文件\kmdf driver2\kmdf driver2 package\x64\win8debug\inf2cat-expand.6292.write.1.tlog
i:\vs2013工程文件\kmdf driver2\kmdf driver2 package\x64\win8debug\inf2cat-expand.6312.read.1.tlog
i:\vs2013工程文件\kmdf driver2\kmdf driver2 package\x64\win8debug\inf2cat-expand.6312.write.1.tlog
i:\vs2013工程文件\kmdf driver2\kmdf driver2 package\x64\win8debug\inf2cat-expand.636.read.1.tlog
i:\vs2013工程文件\kmdf driver2\kmdf driver2 package\x64\win8debug\inf2cat-expand.636.write.1.tlog
i:\vs2013工程文件\kmdf driver2\kmdf driver2 package\x64\win8debug\inf2cat-expand.6380.read.1.tlog
i:\vs2013工程文件\kmdf driver2\kmdf driver2 package\x64\win8debug\inf2cat-expand.6380.write.1.tlog
i:\vs2013工程文件\kmdf driver2\kmdf driver2 package\x64\win8debug\inf2cat-expand.6496.read.1.tlog
i:\vs2013工程文件\kmdf driver2\kmdf driver2 package\x64\win8debug\inf2cat-expand.6496.write.1.tlog
i:\vs2013工程文件\kmdf driver2\kmdf driver2 package\x64\win8debug\inf2cat-expand.6540.read.1.tlog
i:\vs2013工程文件\kmdf driver2\kmdf driver2 package\x64\win8debug\inf2cat-expand.6540.write.1.tlog
i:\vs2013工程文件\kmdf driver2\kmdf driver2 package\x64\win8debug\inf2cat-expand.6596.read.1.tlog
i:\vs2013工程文件\kmdf driver2\kmdf driver2 package\x64\win8debug\inf2cat-expand.6596.write.1.tlog
i:\vs2013工程文件\kmdf driver2\kmdf driver2 package\x64\win8debug\inf2cat-expand.676.read.1.tlog
i:\vs2013工程文件\kmdf driver2\kmdf driver2 package\x64\win8debug\inf2cat-expand.676.write.1.tlog
i:\vs2013工程文件\kmdf driver2\kmdf driver2 package\x64\win8debug\inf2cat-expand.6856.read.1.tlog
i:\vs2013工程文件\kmdf driver2\kmdf driver2 package\x64\win8debug\inf2cat-expand.6856.write.1.tlog
i:\vs2013工程文件\kmdf driver2\kmdf driver2 package\x64\win8debug\inf2cat-expand.7196.read.1.tlog
i:\vs2013工程文件\kmdf driver2\kmdf driver2 package\x64\win8debug\inf2cat-expand.7196.write.1.tlog
i:\vs2013工程文件\kmdf driver2\kmdf driver2 package\x64\win8debug\inf2cat-expand.7300.read.1.tlog
i:\vs2013工程文件\kmdf driver2\kmdf driver2 package\x64\win8debug\inf2cat-expand.7300.write.1.tlog
i:\vs2013工程文件\kmdf driver2\kmdf driver2 package\x64\win8debug\inf2cat-expand.7404.read.1.tlog
i:\vs2013工程文件\kmdf driver2\kmdf driver2 package\x64\win8debug\inf2cat-expand.7404.write.1.tlog
i:\vs2013工程文件\kmdf driver2\kmdf driver2 package\x64\win8debug\inf2cat-expand.7440.read.1.tlog
i:\vs2013工程文件\kmdf driver2\kmdf driver2 package\x64\win8debug\inf2cat-expand.7440.write.1.tlog
i:\vs2013工程文件\kmdf driver2\kmdf driver2 package\x64\win8debug\inf2cat-expand.7456.read.1.tlog
i:\vs2013工程文件\kmdf driver2\kmdf driver2 package\x64\win8debug\inf2cat-expand.7456.write.1.tlog
i:\vs2013工程文件\kmdf driver2\kmdf driver2 package\x64\win8debug\inf2cat-expand.7472.read.1.tlog
i:\vs2013工程文件\kmdf driver2\kmdf driver2 package\x64\win8debug\inf2cat-expand.7472.write.1.tlog
i:\vs2013工程文件\kmdf driver2\kmdf driver2 package\x64\win8debug\inf2cat-expand.7488.read.1.tlog
i:\vs2013工程文件\kmdf driver2\kmdf driver2 package\x64\win8debug\inf2cat-expand.7488.write.1.tlog
i:\vs2013工程文件\kmdf driver2\kmdf driver2 package\x64\win8debug\inf2cat-expand.7500.read.1.tlog
i:\vs2013工程文件\kmdf driver2\kmdf driver2 package\x64\win8debug\inf2cat-expand.7500.write.1.tlog
i:\vs2013工程文件\kmdf driver2\kmdf driver2 package\x64\win8debug\inf2cat-expand.7748.read.1.tlog
i:\vs2013工程文件\kmdf driver2\kmdf driver2 package\x64\win8debug\inf2cat-expand.7748.write.1.tlog
i:\vs2013工程文件\kmdf driver2\kmdf driver2 package\x64\win8debug\inf2cat-expand.7752.read.1.tlog
i:\vs2013工程文件\kmdf driver2\kmdf driver2 package\x64\win8debug\inf2cat-expand.7752.write.1.tlog
i:\vs2013工程文件\kmdf driver2\kmdf driver2 package\x64\win8debug\inf2cat-expand.8008.read.1.tlog
i:\vs2013工程文件\kmdf driver2\kmdf driver2 package\x64\win8debug\inf2cat-expand.8008.write.1.tlog
i:\vs2013工程文件\kmdf driver2\kmdf driver2 package\x64\win8debug\inf2cat-expand.8092.read.1.tlog
i:\vs2013工程文件\kmdf driver2\kmdf driver2 package\x64\win8debug\inf2cat-expand.8092.write.1.tlog
i:\vs2013工程文件\kmdf driver2\kmdf driver2 package\x64\win8debug\inf2cat-expand.8236.read.1.tlog
i:\vs2013工程文件\kmdf driver2\kmdf driver2 package\x64\win8debug\inf2cat-expand.8236.write.1.tlog
i:\vs2013工程文件\kmdf driver2\kmdf driver2 package\x64\win8debug\inf2cat-expand.8376.read.1.tlog
i:\vs2013工程文件\kmdf driver2\kmdf driver2 package\x64\win8debug\inf2cat-expand.8376.write.1.tlog
i:\vs2013工程文件\kmdf driver2\kmdf driver2 package\x64\win8debug\inf2cat-expand.8388.read.1.tlog
i:\vs2013工程文件\kmdf driver2\kmdf driver2 package\x64\win8debug\inf2cat-expand.8388.write.1.tlog
i:\vs2013工程文件\kmdf driver2\kmdf driver2 package\x64\win8debug\inf2cat-expand.8396.read.1.tlog
i:\vs2013工程文件\kmdf driver2\kmdf driver2 package\x64\win8debug\inf2cat-expand.8396.write.1.tlog
i:\vs2013工程文件\kmdf driver2\kmdf driver2 package\x64\win8debug\inf2cat-expand.8568.read.1.tlog
i:\vs2013工程文件\kmdf driver2\kmdf driver2 package\x64\win8debug\inf2cat-expand.8568.write.1.tlog
i:\vs2013工程文件\kmdf driver2\kmdf driver2 package\x64\win8debug\inf2cat-expand.8660.read.1.tlog
i:\vs2013工程文件\kmdf driver2\kmdf driver2 package\x64\win8debug\inf2cat-expand.8660.write.1.tlog
i:\vs2013工程文件\kmdf driver2\kmdf driver2 package\x64\win8debug\inf2cat-expand.8696.read.1.tlog
i:\vs2013工程文件\kmdf driver2\kmdf driver2 package\x64\win8debug\inf2cat-expand.8696.write.1.tlog
i:\vs2013工程文件\kmdf driver2\kmdf driver2 package\x64\win8debug\inf2cat-expand.8740.read.1.tlog
i:\vs2013工程文件\kmdf driver2\kmdf driver2 package\x64\win8debug\inf2cat-expand.8740.write.1.tlog
i:\vs2013工程文件\kmdf driver2\kmdf driver2 package\x64\win8debug\inf2cat-expand.8856.read.1.tlog
i:\vs2013工程文件\kmdf driver2\kmdf driver2 package\x64\win8debug\inf2cat-expand.8856.write.1.tlog
i:\vs2013工程文件\kmdf driver2\kmdf driver2 package\x64\win8debug\inf2cat-expand.8872.read.1.tlog
i:\vs2013工程文件\kmdf driver2\kmdf driver2 package\x64\win8debug\inf2cat-expand.8872.write.1.tlog
i:\vs2013工程文件\kmdf driver2\kmdf driver2 package\x64\win8debug\inf2cat-expand.8892.read.1.tlog
i:\vs2013工程文件\kmdf driver2\kmdf driver2 package\x64\win8debug\inf2cat-expand.8892.write.1.tlog
i:\vs2013工程文件\kmdf driver2\kmdf driver2 package\x64\win8debug\inf2cat-expand.8992.read.1.tlog
i:\vs2013工程文件\kmdf driver2\kmdf driver2 package\x64\win8debug\inf2cat-expand.8992.write.1.tlog
i:\vs2013工程文件\kmdf driver2\kmdf driver2 package\x64\win8debug\inf2cat-expand.9096.read.1.tlog
i:\vs2013工程文件\kmdf driver2\kmdf driver2 package\x64\win8debug\inf2cat-expand.9096.write.1.tlog
i:\vs2013工程文件\kmdf driver2\kmdf driver2 package\x64\win8debug\inf2cat-expand.9104.read.1.tlog
i:\vs2013工程文件\kmdf driver2\kmdf driver2 package\x64\win8debug\inf2cat-expand.9104.write.1.tlog
i:\vs2013工程文件\kmdf driver2\kmdf driver2 package\x64\win8debug\inf2cat-expand.9128.read.1.tlog
i:\vs2013工程文件\kmdf driver2\kmdf driver2 package\x64\win8debug\inf2cat-expand.9128.write.1.tlog
i:\vs2013工程文件\kmdf driver2\kmdf driver2 package\x64\win8debug\inf2cat-expand.9184.read.1.tlog
i:\vs2013工程文件\kmdf driver2\kmdf driver2 package\x64\win8debug\inf2cat-expand.9184.write.1.tlog
i:\vs2013工程文件\kmdf driver2\kmdf driver2 package\x64\win8debug\inf2cat-expand.920.read.1.tlog
i:\vs2013工程文件\kmdf driver2\kmdf driver2 package\x64\win8debug\inf2cat-expand.920.write.1.tlog
i:\vs2013工程文件\kmdf driver2\kmdf driver2 package\x64\win8debug\inf2cat-expand.9236.read.1.tlog
i:\vs2013工程文件\kmdf driver2\kmdf driver2 package\x64\win8debug\inf2cat-expand.9236.write.1.tlog
i:\vs2013工程文件\kmdf driver2\kmdf driver2 package\x64\win8debug\inf2cat-expand.9328.read.1.tlog
i:\vs2013工程文件\kmdf driver2\kmdf driver2 package\x64\win8debug\inf2cat-expand.9328.write.1.tlog
i:\vs2013工程文件\kmdf driver2\kmdf driver2 package\x64\win8debug\inf2cat-expand.9360.read.1.tlog
i:\vs2013工程文件\kmdf driver2\kmdf driver2 package\x64\win8debug\inf2cat-expand.9360.write.1.tlog
i:\vs2013工程文件\kmdf driver2\kmdf driver2 package\x64\win8debug\inf2cat-expand.9436.read.1.tlog
i:\vs2013工程文件\kmdf driver2\kmdf driver2 package\x64\win8debug\inf2cat-expand.9436.write.1.tlog
i:\vs2013工程文件\kmdf driver2\kmdf driver2 package\x64\win8debug\inf2cat-expand.9440.read.1.tlog
i:\vs2013工程文件\kmdf driver2\kmdf driver2 package\x64\win8debug\inf2cat-expand.9440.write.1.tlog
i:\vs2013工程文件\kmdf driver2\kmdf driver2 package\x64\win8debug\inf2cat-expand.9460.read.1.tlog
i:\vs2013工程文件\kmdf driver2\kmdf driver2 package\x64\win8debug\inf2cat-expand.9460.write.1.tlog
i:\vs2013工程文件\kmdf driver2\kmdf driver2 package\x64\win8debug\inf2cat-expand.9476.read.1.tlog
i:\vs2013工程文件\kmdf driver2\kmdf driver2 package\x64\win8debug\inf2cat-expand.9476.write.1.tlog
i:\vs2013工程文件\kmdf driver2\kmdf driver2 package\x64\win8debug\inf2cat-expand.9520.read.1.tlog
i:\vs2013工程文件\kmdf driver2\kmdf driver2 package\x64\win8debug\inf2cat-expand.9520.write.1.tlog
i:\vs2013工程文件\kmdf driver2\kmdf driver2 package\x64\win8debug\inf2cat-expand.9572.read.1.tlog
i:\vs2013工程文件\kmdf driver2\kmdf driver2 package\x64\win8debug\inf2cat-expand.9572.write.1.tlog
i:\vs2013工程文件\kmdf driver2\kmdf driver2 package\x64\win8debug\inf2cat-expand.9584.read.1.tlog
i:\vs2013工程文件\kmdf driver2\kmdf driver2 package\x64\win8debug\inf2cat-expand.9584.write.1.tlog
i:\vs2013工程文件\kmdf driver2\kmdf driver2 package\x64\win8debug\inf2cat-expand.9604.read.1.tlog
i:\vs2013工程文件\kmdf driver2\kmdf driver2 package\x64\win8debug\inf2cat-expand.9604.write.1.tlog
i:\vs2013工程文件\kmdf driver2\kmdf driver2 package\x64\win8debug\inf2cat-expand.9620.read.1.tlog
i:\vs2013工程文件\kmdf driver2\kmdf driver2 package\x64\win8debug\inf2cat-expand.9620.write.1.tlog
i:\vs2013工程文件\kmdf driver2\kmdf driver2 package\x64\win8debug\inf2cat-expand.9900.read.1.tlog
i:\vs2013工程文件\kmdf driver2\kmdf driver2 package\x64\win8debug\inf2cat-expand.9900.write.1.tlog
i:\vs2013工程文件\kmdf driver2\kmdf driver2 package\x64\win8debug\inf2cat-expand.9940.read.1.tlog
i:\vs2013工程文件\kmdf driver2\kmdf driver2 package\x64\win8debug\inf2cat-expand.9940.write.1.tlog
i:\vs2013工程文件\kmdf driver2\kmdf driver2 package\x64\win8debug\inf2cat-expand.read.1.tlog
i:\vs2013工程文件\kmdf driver2\kmdf driver2 package\x64\win8debug\inf2cat-expand.write.1.tlog
i:\vs2013工程文件\kmdf driver2\kmdf driver2 package\x64\win8debug\inf2cat.command.1.tlog
i:\vs2013工程文件\kmdf driver2\kmdf driver2 package\x64\win8debug\inf2cat.read.1.tlog
i:\vs2013工程文件\kmdf driver2\kmdf driver2 package\x64\win8debug\inf2cat.read.7.tlog
i:\vs2013工程文件\kmdf driver2\kmdf driver2 package\x64\win8debug\inf2cat.write.1.tlog
i:\vs2013工程文件\kmdf driver2\kmdf driver2 package\x64\win8debug\inf2cat.write.7.tlog
