生成启动时间为 2016/3/9 9:12:57。
     1>项目“I:\VS2013工程文件\MyDriver1\MyDriver1\MyDriver1.vcxproj”在节点 2 上(Build 个目标)。
     1>ClCompile:
         I:\Microsoft Visual stdio 2013\VC\bin\CL.exe /c /IWin7Debug\ /Zi /nologo /W4 /WX /Od /Oi /Oy- /D _X86_=1 /D i386=1 /D STD_CALL /D DEPRECATE_DDK_FUNCTIONS=1 /D MSC_NOOPT /D _WIN32_WINNT=0x0601 /D WINVER=0x0601 /D WINNT=1 /D NTDDI_VERSION=0x06010000 /D DBG=1 /GF /Gm- /Zp8 /GS /Gy /fp:precise /Zc:wchar_t- /Zc:forScope- /GR- /Fo"Win7Debug\\" /Fd"Win7Debug\vc120.pdb" /Gz /wd4748 /wd4603 /wd4627 /wd4986 /wd4987 /wd4996 /FII:\WDK\Include\Shared\warning.h /analyze- /errorReport:prompt /kernel -cbstring /d1import_no_registry /d2AllowCompatibleILVersions /d2Zi+ "源.c"
         源.c
     1>I:\WDK\Include\KM\ndis.h(7147): error C2220: 警告被视为错误 - 没有生成“object”文件
     1>I:\WDK\Include\KM\ndis.h(7147): warning C4201: 使用了非标准扩展 : 无名称的结构/联合
     1>I:\WDK\Include\KM\ndis.h(7154): warning C4201: 使用了非标准扩展 : 无名称的结构/联合
     1>I:\WDK\Include\KM\ndis.h(7159): warning C4201: 使用了非标准扩展 : 无名称的结构/联合
     1>I:\WDK\Include\KM\ndis.h(7167): warning C4201: 使用了非标准扩展 : 无名称的结构/联合
     1>I:\WDK\Include\KM\ndis.h(7334): warning C4201: 使用了非标准扩展 : 无名称的结构/联合
     1>I:\WDK\Include\KM\ndis.h(7341): warning C4201: 使用了非标准扩展 : 无名称的结构/联合
     1>I:\WDK\Include\KM\ndis.h(7346): warning C4201: 使用了非标准扩展 : 无名称的结构/联合
     1>I:\WDK\Include\KM\ndis.h(7354): warning C4201: 使用了非标准扩展 : 无名称的结构/联合
     1>I:\WDK\Include\KM\ndis.h(7373): warning C4201: 使用了非标准扩展 : 无名称的结构/联合
     1>I:\WDK\Include\KM\ndis.h(7374): warning C4201: 使用了非标准扩展 : 无名称的结构/联合
     1>I:\WDK\Include\KM\ndis.h(8458): warning C4201: 使用了非标准扩展 : 无名称的结构/联合
     1>I:\WDK\Include\KM\ndis.h(8495): warning C4201: 使用了非标准扩展 : 无名称的结构/联合
     1>已完成生成项目“I:\VS2013工程文件\MyDriver1\MyDriver1\MyDriver1.vcxproj”(Build 个目标)的操作 - 失败。

生成失败。

已用时间 00:00:00.26
